2023-04-12 18:55:52 [INFO] [task_scheduler.cc:160] Initializing Task #1: "fused_transpose_expand_dims_squeeze_expand_dims_multiply"
2023-04-12 18:55:52 [INFO] [task_scheduler.cc:35] 
# from tvm.script import tir as T
@tvm.script.ir_module
class Module:
    @T.prim_func
    def main(p0: T.Buffer[(T.int64(1), T.int64(1), T.int64(2048), T.int64(32)), "float32"], p1: T.Buffer[T.int64(32), "float32"], T_multiply: T.Buffer[(T.int64(32), T.int64(2048), T.int64(1), T.int64(1)), "float32"]):
        # function attr dict
        T.func_attr({"global_symbol": "main", "tir.noalias": True})
        # body
        # with T.block("root")
        T_transpose = T.alloc_buffer([T.int64(32), T.int64(2048), T.int64(1), T.int64(1)], dtype="float32")
        T_expand_dims = T.alloc_buffer([T.int64(32), T.int64(1), T.int64(1)], dtype="float32")
        T_squeeze = T.alloc_buffer([T.int64(32)], dtype="float32")
        T_expand_dims_1 = T.alloc_buffer([T.int64(32), T.int64(1), T.int64(1), T.int64(1)], dtype="float32")
        for ax0, ax1, ax2, ax3 in T.grid(T.int64(32), T.int64(2048), T.int64(1), T.int64(1)):
            with T.block("T_transpose"):
                v_ax0, v_ax1, v_ax2, v_ax3 = T.axis.remap("SSSS", [ax0, ax1, ax2, ax3])
                T.reads(p0[v_ax2, v_ax3, v_ax1, v_ax0])
                T.writes(T_transpose[v_ax0, v_ax1, v_ax2, v_ax3])
                T_transpose[v_ax0, v_ax1, v_ax2, v_ax3] = p0[v_ax2, v_ax3, v_ax1, v_ax0]
        for ax0, ax1, ax2 in T.grid(T.int64(32), T.int64(1), T.int64(1)):
            with T.block("T_expand_dims"):
                v_ax0, v_ax1, v_ax2 = T.axis.remap("SSS", [ax0, ax1, ax2])
                T.reads(p1[v_ax0])
                T.writes(T_expand_dims[v_ax0, v_ax1, v_ax2])
                T_expand_dims[v_ax0, v_ax1, v_ax2] = p1[v_ax0]
        for ax0 in T.serial(T.int64(32)):
            with T.block("T_squeeze"):
                v_ax0 = T.axis.spatial(T.int64(32), ax0)
                T.reads(T_expand_dims[v_ax0, T.int64(0), T.int64(0)])
                T.writes(T_squeeze[v_ax0])
                T_squeeze[v_ax0] = T_expand_dims[v_ax0, T.int64(0), T.int64(0)]
        for ax0, ax1, ax2, ax3 in T.grid(T.int64(32), T.int64(1), T.int64(1), T.int64(1)):
            with T.block("T_expand_dims_1"):
                v_ax0, v_ax1, v_ax2, v_ax3 = T.axis.remap("SSSS", [ax0, ax1, ax2, ax3])
                T.reads(T_squeeze[v_ax0])
                T.writes(T_expand_dims_1[v_ax0, v_ax1, v_ax2, v_ax3])
                T_expand_dims_1[v_ax0, v_ax1, v_ax2, v_ax3] = T_squeeze[v_ax0]
        for ax0, ax1, ax2, ax3 in T.grid(T.int64(32), T.int64(2048), T.int64(1), T.int64(1)):
            with T.block("T_multiply"):
                v_ax0, v_ax1, v_ax2, v_ax3 = T.axis.remap("SSSS", [ax0, ax1, ax2, ax3])
                T.reads(T_transpose[v_ax0, v_ax1, v_ax2, v_ax3], T_expand_dims_1[v_ax0, T.int64(0), v_ax2, v_ax3])
                T.writes(T_multiply[v_ax0, v_ax1, v_ax2, v_ax3])
                T_multiply[v_ax0, v_ax1, v_ax2, v_ax3] = T_transpose[v_ax0, v_ax1, v_ax2, v_ax3] * T_expand_dims_1[v_ax0, T.int64(0), v_ax2, v_ax3]
    

2023-04-12 18:55:52 [INFO] [task_scheduler.cc:164] Total 1 design space(s) generated
2023-04-12 18:55:52 [INFO] [task_scheduler.cc:170] Design space #0:
# from tvm.script import tir as T
@tvm.script.ir_module
class Module:
    @T.prim_func
    def main(p0: T.Buffer[(T.int64(1), T.int64(1), T.int64(2048), T.int64(32)), "float32"], p1: T.Buffer[T.int64(32), "float32"], T_multiply: T.Buffer[(T.int64(32), T.int64(2048), T.int64(1), T.int64(1)), "float32"]):
        # function attr dict
        T.func_attr({"global_symbol": "main", "tir.noalias": True})
        # body
        # with T.block("root")
        for ax0_ax1_ax2_ax3_fused_0 in T.thread_binding(T.int64(512), thread="blockIdx.x"):
            for ax0_ax1_ax2_ax3_fused_1 in T.thread_binding(T.int64(128), thread="threadIdx.x"):
                with T.block("T_multiply"):
                    v_ax0 = T.axis.spatial(T.int64(32), (ax0_ax1_ax2_ax3_fused_0 * T.int64(128) + ax0_ax1_ax2_ax3_fused_1) // T.int64(2048))
                    v_ax1 = T.axis.spatial(T.int64(2048), (ax0_ax1_ax2_ax3_fused_0 * T.int64(128) + ax0_ax1_ax2_ax3_fused_1) % T.int64(2048))
                    v_ax2 = T.axis.spatial(T.int64(1), T.int64(0))
                    v_ax3 = T.axis.spatial(T.int64(1), T.int64(0))
                    T.reads(p0[v_ax2, v_ax3, v_ax1, v_ax0], p1[v_ax0])
                    T.writes(T_multiply[v_ax0, v_ax1, v_ax2, v_ax3])
                    T_multiply[v_ax0, v_ax1, v_ax2, v_ax3] = p0[v_ax2, v_ax3, v_ax1, v_ax0] * p1[v_ax0]
    

b0 = sch.get_block(name="T_transpose", func_name="main")
b1 = sch.get_block(name="T_expand_dims", func_name="main")
b2 = sch.get_block(name="T_squeeze", func_name="main")
b3 = sch.get_block(name="T_expand_dims_1", func_name="main")
b4 = sch.get_block(name="T_multiply", func_name="main")
sch.compute_inline(block=b3)
sch.compute_inline(block=b2)
sch.compute_inline(block=b1)
sch.compute_inline(block=b0)
l5, l6, l7, l8 = sch.get_loops(block=b4)
l9 = sch.fuse(l5, l6, l7, l8, preserve_unit_iters=True)
v10 = sch.sample_categorical(candidates=[32, 64, 128, 256, 512, 1024], probs=[0.16666666666666666, 0.16666666666666666, 0.16666666666666666, 0.16666666666666666, 0.16666666666666666, 0.16666666666666666], decision=2)
l11, l12 = sch.split(loop=l9, factors=[None, v10], preserve_unit_iters=True)
sch.bind(loop=l11, thread_axis="blockIdx.x")
sch.bind(loop=l12, thread_axis="threadIdx.x")
2023-04-12 18:56:14 [INFO] [evolutionary_search.cc:713] Generating candidates......
2023-04-12 18:56:14 [INFO] [evolutionary_search.cc:715] Picked top 0 candidate(s) from database
2023-04-12 18:56:14 [INFO] [evolutionary_search.cc:533] Sample-Init-Population summary:
Postproc #0 [meta_schedule.DisallowDynamicLoop(0x564eed23da68)]: 0 failure(s)
Postproc #1 [meta_schedule.RewriteCooperativeFetch(0x564eef6f5a68)]: 0 failure(s)
Postproc #2 [meta_schedule.RewriteUnboundBlock(0x564eed3edd98)]: 0 failure(s)
Postproc #3 [meta_schedule.RewriteParallelVectorizeUnroll(0x564eefdc2aa8)]: 0 failure(s)
Postproc #4 [meta_schedule.RewriteReductionBlock(0x564eef5b11e8)]: 0 failure(s)
Postproc #5 [meta_schedule.VerifyGPUCode(0x564eeae11d08)]: 0 failure(s)
Postproc #6 [meta_schedule.RewriteTensorize(0x564eef28a858)]: 0 failure(s)
2023-04-12 18:56:14 [INFO] [evolutionary_search.cc:723] Sampled 512 candidate(s)
2023-04-12 18:56:14 [INFO] [evolutionary_search.cc:621] Evolve iter #0 done. Summary:
Postproc #0 [meta_schedule.DisallowDynamicLoop(0x564eed23da68)]: 0 failure(s)
Postproc #1 [meta_schedule.RewriteCooperativeFetch(0x564eef6f5a68)]: 0 failure(s)
Postproc #2 [meta_schedule.RewriteUnboundBlock(0x564eed3edd98)]: 0 failure(s)
Postproc #3 [meta_schedule.RewriteParallelVectorizeUnroll(0x564eefdc2aa8)]: 0 failure(s)
Postproc #4 [meta_schedule.RewriteReductionBlock(0x564eef5b11e8)]: 0 failure(s)
Postproc #5 [meta_schedule.VerifyGPUCode(0x564eeae11d08)]: 0 failure(s)
Postproc #6 [meta_schedule.RewriteTensorize(0x564eef28a858)]: 0 failure(s)
2023-04-12 18:56:14 [INFO] [evolutionary_search.cc:621] Evolve iter #1 done. Summary:
Postproc #0 [meta_schedule.DisallowDynamicLoop(0x564eed23da68)]: 0 failure(s)
Postproc #1 [meta_schedule.RewriteCooperativeFetch(0x564eef6f5a68)]: 0 failure(s)
Postproc #2 [meta_schedule.RewriteUnboundBlock(0x564eed3edd98)]: 0 failure(s)
Postproc #3 [meta_schedule.RewriteParallelVectorizeUnroll(0x564eefdc2aa8)]: 0 failure(s)
Postproc #4 [meta_schedule.RewriteReductionBlock(0x564eef5b11e8)]: 0 failure(s)
Postproc #5 [meta_schedule.VerifyGPUCode(0x564eeae11d08)]: 0 failure(s)
Postproc #6 [meta_schedule.RewriteTensorize(0x564eef28a858)]: 0 failure(s)
2023-04-12 18:56:14 [INFO] [evolutionary_search.cc:621] Evolve iter #2 done. Summary:
Postproc #0 [meta_schedule.DisallowDynamicLoop(0x564eed23da68)]: 0 failure(s)
Postproc #1 [meta_schedule.RewriteCooperativeFetch(0x564eef6f5a68)]: 0 failure(s)
Postproc #2 [meta_schedule.RewriteUnboundBlock(0x564eed3edd98)]: 0 failure(s)
Postproc #3 [meta_schedule.RewriteParallelVectorizeUnroll(0x564eefdc2aa8)]: 0 failure(s)
Postproc #4 [meta_schedule.RewriteReductionBlock(0x564eef5b11e8)]: 0 failure(s)
Postproc #5 [meta_schedule.VerifyGPUCode(0x564eeae11d08)]: 0 failure(s)
Postproc #6 [meta_schedule.RewriteTensorize(0x564eef28a858)]: 0 failure(s)
2023-04-12 18:56:14 [INFO] [evolutionary_search.cc:621] Evolve iter #3 done. Summary:
Postproc #0 [meta_schedule.DisallowDynamicLoop(0x564eed23da68)]: 0 failure(s)
Postproc #1 [meta_schedule.RewriteCooperativeFetch(0x564eef6f5a68)]: 0 failure(s)
Postproc #2 [meta_schedule.RewriteUnboundBlock(0x564eed3edd98)]: 0 failure(s)
Postproc #3 [meta_schedule.RewriteParallelVectorizeUnroll(0x564eefdc2aa8)]: 0 failure(s)
Postproc #4 [meta_schedule.RewriteReductionBlock(0x564eef5b11e8)]: 0 failure(s)
Postproc #5 [meta_schedule.VerifyGPUCode(0x564eeae11d08)]: 0 failure(s)
Postproc #6 [meta_schedule.RewriteTensorize(0x564eef28a858)]: 0 failure(s)
2023-04-12 18:56:14 [INFO] [evolutionary_search.cc:649] Scores of the best 6 candidates:
[1 : 6]:	0.9328  0.9192  0.8601  0.7754  0.5164  0.4560
2023-04-12 18:56:14 [INFO] [evolutionary_search.cc:727] Got 6 candidate(s) with evolutionary search
2023-04-12 18:56:14 [INFO] [evolutionary_search.cc:730] Sending 6 candidates(s) for measurement
2023-04-12 19:03:26 [INFO] [task_scheduler.cc:131] [Task #1: fused_transpose_expand_dims_squeeze_expand_dims_multiply] Trial #1: GFLOPs: 17.0026. Time: 3.8545 us. Best GFLOPs: 17.0026
2023-04-12 19:03:26 [INFO] [task_scheduler.cc:131] [Task #1: fused_transpose_expand_dims_squeeze_expand_dims_multiply] Trial #2: GFLOPs: 17.2117. Time: 3.8076 us. Best GFLOPs: 17.2117
2023-04-12 19:03:26 [INFO] [task_scheduler.cc:131] [Task #1: fused_transpose_expand_dims_squeeze_expand_dims_multiply] Trial #3: GFLOPs: 15.6319. Time: 4.1925 us. Best GFLOPs: 17.2117
2023-04-12 19:03:26 [INFO] [task_scheduler.cc:131] [Task #1: fused_transpose_expand_dims_squeeze_expand_dims_multiply] Trial #4: GFLOPs: 16.7063. Time: 3.9228 us. Best GFLOPs: 17.2117
2023-04-12 19:03:26 [INFO] [task_scheduler.cc:131] [Task #1: fused_transpose_expand_dims_squeeze_expand_dims_multiply] Trial #5: GFLOPs: 15.4392. Time: 4.2448 us. Best GFLOPs: 17.2117
2023-04-12 19:03:26 [INFO] [task_scheduler.cc:131] [Task #1: fused_transpose_expand_dims_squeeze_expand_dims_multiply] Trial #6: GFLOPs: 16.4303. Time: 3.9887 us. Best GFLOPs: 17.2117
