2023-04-12 18:55:55 [INFO] [task_scheduler.cc:160] Initializing Task #14: "fused_add_rsqrt_multiply_2"
2023-04-12 18:55:55 [INFO] [task_scheduler.cc:35] 
# from tvm.script import tir as T
@tvm.script.ir_module
class Module:
    @T.prim_func
    def main(p0: T.Buffer[T.int64(1024), "float32"], p1: T.Buffer[T.int64(1024), "float32"], T_multiply: T.Buffer[T.int64(1024), "float32"]):
        # function attr dict
        T.func_attr({"global_symbol": "main", "tir.noalias": True})
        # body
        # with T.block("root")
        compile_engine_const = T.alloc_buffer([], dtype="float32")
        T_add = T.alloc_buffer([T.int64(1024)], dtype="float32")
        tensor = T.alloc_buffer([T.int64(1024)], dtype="float32")
        with T.block("compile_engine_const"):
            vi = T.axis.spatial(T.int64(1), T.int64(0))
            T.reads()
            T.writes(compile_engine_const[()])
            compile_engine_const[()] = T.float32(0.0010000000474974513)
        for ax0 in T.serial(T.int64(1024)):
            with T.block("T_add"):
                v_ax0 = T.axis.spatial(T.int64(1024), ax0)
                T.reads(p0[v_ax0], compile_engine_const[()])
                T.writes(T_add[v_ax0])
                T_add[v_ax0] = p0[v_ax0] + compile_engine_const[()]
        for ax0 in T.serial(T.int64(1024)):
            with T.block("tensor"):
                v_ax0 = T.axis.spatial(T.int64(1024), ax0)
                T.reads(T_add[v_ax0])
                T.writes(tensor[v_ax0])
                tensor[v_ax0] = T.float32(1) / T.sqrt(T_add[v_ax0], dtype="float32")
        for ax0 in T.serial(T.int64(1024)):
            with T.block("T_multiply"):
                v_ax0 = T.axis.spatial(T.int64(1024), ax0)
                T.reads(tensor[v_ax0], p1[v_ax0])
                T.writes(T_multiply[v_ax0])
                T_multiply[v_ax0] = tensor[v_ax0] * p1[v_ax0]
    

2023-04-12 18:55:55 [INFO] [task_scheduler.cc:164] Total 1 design space(s) generated
2023-04-12 18:55:55 [INFO] [task_scheduler.cc:170] Design space #0:
# from tvm.script import tir as T
@tvm.script.ir_module
class Module:
    @T.prim_func
    def main(p0: T.Buffer[T.int64(1024), "float32"], p1: T.Buffer[T.int64(1024), "float32"], T_multiply: T.Buffer[T.int64(1024), "float32"]):
        # function attr dict
        T.func_attr({"global_symbol": "main", "tir.noalias": True})
        # body
        # with T.block("root")
        for ax0_fused_0 in T.thread_binding(T.int64(32), thread="blockIdx.x"):
            for ax0_fused_1 in T.thread_binding(T.int64(32), thread="threadIdx.x"):
                with T.block("T_add"):
                    v_ax0 = T.axis.spatial(T.int64(1024), ax0_fused_0 * T.int64(32) + ax0_fused_1)
                    T.reads(p0[v_ax0], p1[v_ax0])
                    T.writes(T_multiply[v_ax0])
                    T_multiply[v_ax0] = T.float32(1) / T.sqrt(p0[v_ax0] + T.float32(0.0010000000474974513), dtype="float32") * p1[v_ax0]
    

b0 = sch.get_block(name="compile_engine_const", func_name="main")
b1 = sch.get_block(name="T_add", func_name="main")
b2 = sch.get_block(name="tensor", func_name="main")
b3 = sch.get_block(name="T_multiply", func_name="main")
sch.compute_inline(block=b0)
sch.reverse_compute_inline(block=b3)
sch.reverse_compute_inline(block=b2)
l4, = sch.get_loops(block=b1)
l5 = sch.fuse(l4, preserve_unit_iters=True)
v6 = sch.sample_categorical(candidates=[32, 64, 128, 256, 512, 1024], probs=[0.16666666666666666, 0.16666666666666666, 0.16666666666666666, 0.16666666666666666, 0.16666666666666666, 0.16666666666666666], decision=0)
l7, l8 = sch.split(loop=l5, factors=[None, v6], preserve_unit_iters=True)
sch.bind(loop=l7, thread_axis="blockIdx.x")
sch.bind(loop=l8, thread_axis="threadIdx.x")
2023-04-12 18:57:41 [INFO] [evolutionary_search.cc:713] Generating candidates......
2023-04-12 18:57:41 [INFO] [evolutionary_search.cc:715] Picked top 0 candidate(s) from database
2023-04-12 18:57:41 [INFO] [evolutionary_search.cc:533] Sample-Init-Population summary:
Postproc #0 [meta_schedule.DisallowDynamicLoop(0x564eecf4f9f8)]: 0 failure(s)
Postproc #1 [meta_schedule.RewriteCooperativeFetch(0x564ef06326d8)]: 0 failure(s)
Postproc #2 [meta_schedule.RewriteUnboundBlock(0x564eeff50968)]: 0 failure(s)
Postproc #3 [meta_schedule.RewriteParallelVectorizeUnroll(0x564eed298a88)]: 0 failure(s)
Postproc #4 [meta_schedule.RewriteReductionBlock(0x564eec8a4078)]: 0 failure(s)
Postproc #5 [meta_schedule.VerifyGPUCode(0x564eecfc9cf8)]: 0 failure(s)
Postproc #6 [meta_schedule.RewriteTensorize(0x564ef03dbc68)]: 0 failure(s)
2023-04-12 18:57:41 [INFO] [evolutionary_search.cc:723] Sampled 512 candidate(s)
2023-04-12 18:57:41 [INFO] [evolutionary_search.cc:621] Evolve iter #0 done. Summary:
Postproc #0 [meta_schedule.DisallowDynamicLoop(0x564eecf4f9f8)]: 0 failure(s)
Postproc #1 [meta_schedule.RewriteCooperativeFetch(0x564ef06326d8)]: 0 failure(s)
Postproc #2 [meta_schedule.RewriteUnboundBlock(0x564eeff50968)]: 0 failure(s)
Postproc #3 [meta_schedule.RewriteParallelVectorizeUnroll(0x564eed298a88)]: 0 failure(s)
Postproc #4 [meta_schedule.RewriteReductionBlock(0x564eec8a4078)]: 0 failure(s)
Postproc #5 [meta_schedule.VerifyGPUCode(0x564eecfc9cf8)]: 0 failure(s)
Postproc #6 [meta_schedule.RewriteTensorize(0x564ef03dbc68)]: 0 failure(s)
2023-04-12 18:57:41 [INFO] [evolutionary_search.cc:621] Evolve iter #1 done. Summary:
Postproc #0 [meta_schedule.DisallowDynamicLoop(0x564eecf4f9f8)]: 0 failure(s)
Postproc #1 [meta_schedule.RewriteCooperativeFetch(0x564ef06326d8)]: 0 failure(s)
Postproc #2 [meta_schedule.RewriteUnboundBlock(0x564eeff50968)]: 0 failure(s)
Postproc #3 [meta_schedule.RewriteParallelVectorizeUnroll(0x564eed298a88)]: 0 failure(s)
Postproc #4 [meta_schedule.RewriteReductionBlock(0x564eec8a4078)]: 0 failure(s)
Postproc #5 [meta_schedule.VerifyGPUCode(0x564eecfc9cf8)]: 0 failure(s)
Postproc #6 [meta_schedule.RewriteTensorize(0x564ef03dbc68)]: 0 failure(s)
2023-04-12 18:57:41 [INFO] [evolutionary_search.cc:621] Evolve iter #2 done. Summary:
Postproc #0 [meta_schedule.DisallowDynamicLoop(0x564eecf4f9f8)]: 0 failure(s)
Postproc #1 [meta_schedule.RewriteCooperativeFetch(0x564ef06326d8)]: 0 failure(s)
Postproc #2 [meta_schedule.RewriteUnboundBlock(0x564eeff50968)]: 0 failure(s)
Postproc #3 [meta_schedule.RewriteParallelVectorizeUnroll(0x564eed298a88)]: 0 failure(s)
Postproc #4 [meta_schedule.RewriteReductionBlock(0x564eec8a4078)]: 0 failure(s)
Postproc #5 [meta_schedule.VerifyGPUCode(0x564eecfc9cf8)]: 0 failure(s)
Postproc #6 [meta_schedule.RewriteTensorize(0x564ef03dbc68)]: 0 failure(s)
2023-04-12 18:57:41 [INFO] [evolutionary_search.cc:621] Evolve iter #3 done. Summary:
Postproc #0 [meta_schedule.DisallowDynamicLoop(0x564eecf4f9f8)]: 0 failure(s)
Postproc #1 [meta_schedule.RewriteCooperativeFetch(0x564ef06326d8)]: 0 failure(s)
Postproc #2 [meta_schedule.RewriteUnboundBlock(0x564eeff50968)]: 0 failure(s)
Postproc #3 [meta_schedule.RewriteParallelVectorizeUnroll(0x564eed298a88)]: 0 failure(s)
Postproc #4 [meta_schedule.RewriteReductionBlock(0x564eec8a4078)]: 0 failure(s)
Postproc #5 [meta_schedule.VerifyGPUCode(0x564eecfc9cf8)]: 0 failure(s)
Postproc #6 [meta_schedule.RewriteTensorize(0x564ef03dbc68)]: 0 failure(s)
2023-04-12 18:57:41 [INFO] [evolutionary_search.cc:649] Scores of the best 6 candidates:
[1 : 6]:	0.9942  0.9349  0.7972  0.5902  0.4866  0.3394
2023-04-12 18:57:41 [INFO] [evolutionary_search.cc:727] Got 6 candidate(s) with evolutionary search
2023-04-12 18:57:41 [INFO] [evolutionary_search.cc:730] Sending 6 candidates(s) for measurement
2023-04-12 19:03:27 [INFO] [task_scheduler.cc:131] [Task #14: fused_add_rsqrt_multiply_2] Trial #1: GFLOPs: 1.1341. Time: 2.7088 us. Best GFLOPs: 1.1341
2023-04-12 19:03:27 [INFO] [task_scheduler.cc:131] [Task #14: fused_add_rsqrt_multiply_2] Trial #2: GFLOPs: 0.9522. Time: 3.2261 us. Best GFLOPs: 1.1341
2023-04-12 19:03:27 [INFO] [task_scheduler.cc:131] [Task #14: fused_add_rsqrt_multiply_2] Trial #3: GFLOPs: 1.0490. Time: 2.9285 us. Best GFLOPs: 1.1341
2023-04-12 19:03:27 [INFO] [task_scheduler.cc:131] [Task #14: fused_add_rsqrt_multiply_2] Trial #4: GFLOPs: 1.0485. Time: 2.9298 us. Best GFLOPs: 1.1341
2023-04-12 19:03:27 [INFO] [task_scheduler.cc:131] [Task #14: fused_add_rsqrt_multiply_2] Trial #5: GFLOPs: 1.1340. Time: 2.7090 us. Best GFLOPs: 1.1341
2023-04-12 19:03:27 [INFO] [task_scheduler.cc:131] [Task #14: fused_add_rsqrt_multiply_2] Trial #6: GFLOPs: 1.1338. Time: 2.7094 us. Best GFLOPs: 1.1341
