2023-04-12 18:55:56 [INFO] [task_scheduler.cc:160] Initializing Task #21: "fused_transpose_expand_dims_squeeze_expand_dims_multiply_10"
2023-04-12 18:55:56 [INFO] [task_scheduler.cc:35] 
# from tvm.script import tir as T
@tvm.script.ir_module
class Module:
    @T.prim_func
    def main(p0: T.Buffer[(T.int64(1), T.int64(1), T.int64(512), T.int64(8)), "float32"], p1: T.Buffer[T.int64(8), "float32"], T_multiply: T.Buffer[(T.int64(8), T.int64(512), T.int64(1), T.int64(1)), "float32"]):
        # function attr dict
        T.func_attr({"global_symbol": "main", "tir.noalias": True})
        # body
        # with T.block("root")
        T_transpose = T.alloc_buffer([T.int64(8), T.int64(512), T.int64(1), T.int64(1)], dtype="float32")
        T_expand_dims = T.alloc_buffer([T.int64(8), T.int64(1), T.int64(1)], dtype="float32")
        T_squeeze = T.alloc_buffer([T.int64(8)], dtype="float32")
        T_expand_dims_1 = T.alloc_buffer([T.int64(8), T.int64(1), T.int64(1), T.int64(1)], dtype="float32")
        for ax0, ax1, ax2, ax3 in T.grid(T.int64(8), T.int64(512), T.int64(1), T.int64(1)):
            with T.block("T_transpose"):
                v_ax0, v_ax1, v_ax2, v_ax3 = T.axis.remap("SSSS", [ax0, ax1, ax2, ax3])
                T.reads(p0[v_ax2, v_ax3, v_ax1, v_ax0])
                T.writes(T_transpose[v_ax0, v_ax1, v_ax2, v_ax3])
                T_transpose[v_ax0, v_ax1, v_ax2, v_ax3] = p0[v_ax2, v_ax3, v_ax1, v_ax0]
        for ax0, ax1, ax2 in T.grid(T.int64(8), T.int64(1), T.int64(1)):
            with T.block("T_expand_dims"):
                v_ax0, v_ax1, v_ax2 = T.axis.remap("SSS", [ax0, ax1, ax2])
                T.reads(p1[v_ax0])
                T.writes(T_expand_dims[v_ax0, v_ax1, v_ax2])
                T_expand_dims[v_ax0, v_ax1, v_ax2] = p1[v_ax0]
        for ax0 in T.serial(T.int64(8)):
            with T.block("T_squeeze"):
                v_ax0 = T.axis.spatial(T.int64(8), ax0)
                T.reads(T_expand_dims[v_ax0, T.int64(0), T.int64(0)])
                T.writes(T_squeeze[v_ax0])
                T_squeeze[v_ax0] = T_expand_dims[v_ax0, T.int64(0), T.int64(0)]
        for ax0, ax1, ax2, ax3 in T.grid(T.int64(8), T.int64(1), T.int64(1), T.int64(1)):
            with T.block("T_expand_dims_1"):
                v_ax0, v_ax1, v_ax2, v_ax3 = T.axis.remap("SSSS", [ax0, ax1, ax2, ax3])
                T.reads(T_squeeze[v_ax0])
                T.writes(T_expand_dims_1[v_ax0, v_ax1, v_ax2, v_ax3])
                T_expand_dims_1[v_ax0, v_ax1, v_ax2, v_ax3] = T_squeeze[v_ax0]
        for ax0, ax1, ax2, ax3 in T.grid(T.int64(8), T.int64(512), T.int64(1), T.int64(1)):
            with T.block("T_multiply"):
                v_ax0, v_ax1, v_ax2, v_ax3 = T.axis.remap("SSSS", [ax0, ax1, ax2, ax3])
                T.reads(T_transpose[v_ax0, v_ax1, v_ax2, v_ax3], T_expand_dims_1[v_ax0, T.int64(0), v_ax2, v_ax3])
                T.writes(T_multiply[v_ax0, v_ax1, v_ax2, v_ax3])
                T_multiply[v_ax0, v_ax1, v_ax2, v_ax3] = T_transpose[v_ax0, v_ax1, v_ax2, v_ax3] * T_expand_dims_1[v_ax0, T.int64(0), v_ax2, v_ax3]
    

2023-04-12 18:55:56 [INFO] [task_scheduler.cc:164] Total 1 design space(s) generated
2023-04-12 18:55:56 [INFO] [task_scheduler.cc:170] Design space #0:
# from tvm.script import tir as T
@tvm.script.ir_module
class Module:
    @T.prim_func
    def main(p0: T.Buffer[(T.int64(1), T.int64(1), T.int64(512), T.int64(8)), "float32"], p1: T.Buffer[T.int64(8), "float32"], T_multiply: T.Buffer[(T.int64(8), T.int64(512), T.int64(1), T.int64(1)), "float32"]):
        # function attr dict
        T.func_attr({"global_symbol": "main", "tir.noalias": True})
        # body
        # with T.block("root")
        for ax0_ax1_ax2_ax3_fused_0 in T.thread_binding(T.int64(8), thread="blockIdx.x"):
            for ax0_ax1_ax2_ax3_fused_1 in T.thread_binding(T.int64(512), thread="threadIdx.x"):
                with T.block("T_multiply"):
                    v_ax0 = T.axis.spatial(T.int64(8), (ax0_ax1_ax2_ax3_fused_0 * T.int64(512) + ax0_ax1_ax2_ax3_fused_1) // T.int64(512))
                    v_ax1 = T.axis.spatial(T.int64(512), (ax0_ax1_ax2_ax3_fused_0 * T.int64(512) + ax0_ax1_ax2_ax3_fused_1) % T.int64(512))
                    v_ax2 = T.axis.spatial(T.int64(1), T.int64(0))
                    v_ax3 = T.axis.spatial(T.int64(1), T.int64(0))
                    T.reads(p0[v_ax2, v_ax3, v_ax1, v_ax0], p1[v_ax0])
                    T.writes(T_multiply[v_ax0, v_ax1, v_ax2, v_ax3])
                    T_multiply[v_ax0, v_ax1, v_ax2, v_ax3] = p0[v_ax2, v_ax3, v_ax1, v_ax0] * p1[v_ax0]
    

b0 = sch.get_block(name="T_transpose", func_name="main")
b1 = sch.get_block(name="T_expand_dims", func_name="main")
b2 = sch.get_block(name="T_squeeze", func_name="main")
b3 = sch.get_block(name="T_expand_dims_1", func_name="main")
b4 = sch.get_block(name="T_multiply", func_name="main")
sch.compute_inline(block=b3)
sch.compute_inline(block=b2)
sch.compute_inline(block=b1)
sch.compute_inline(block=b0)
l5, l6, l7, l8 = sch.get_loops(block=b4)
l9 = sch.fuse(l5, l6, l7, l8, preserve_unit_iters=True)
v10 = sch.sample_categorical(candidates=[32, 64, 128, 256, 512, 1024], probs=[0.16666666666666666, 0.16666666666666666, 0.16666666666666666, 0.16666666666666666, 0.16666666666666666, 0.16666666666666666], decision=4)
l11, l12 = sch.split(loop=l9, factors=[None, v10], preserve_unit_iters=True)
sch.bind(loop=l11, thread_axis="blockIdx.x")
sch.bind(loop=l12, thread_axis="threadIdx.x")
2023-04-12 18:58:04 [INFO] [evolutionary_search.cc:713] Generating candidates......
2023-04-12 18:58:04 [INFO] [evolutionary_search.cc:715] Picked top 0 candidate(s) from database
2023-04-12 18:58:05 [INFO] [evolutionary_search.cc:533] Sample-Init-Population summary:
Postproc #0 [meta_schedule.DisallowDynamicLoop(0x564eed5f4368)]: 0 failure(s)
Postproc #1 [meta_schedule.RewriteCooperativeFetch(0x564eed4ed728)]: 0 failure(s)
Postproc #2 [meta_schedule.RewriteUnboundBlock(0x564eefce55b8)]: 0 failure(s)
Postproc #3 [meta_schedule.RewriteParallelVectorizeUnroll(0x564ef038b378)]: 0 failure(s)
Postproc #4 [meta_schedule.RewriteReductionBlock(0x564eeda14ee8)]: 0 failure(s)
Postproc #5 [meta_schedule.VerifyGPUCode(0x564eeab1b7d8)]: 0 failure(s)
Postproc #6 [meta_schedule.RewriteTensorize(0x564eec3fa718)]: 0 failure(s)
2023-04-12 18:58:05 [INFO] [evolutionary_search.cc:723] Sampled 512 candidate(s)
2023-04-12 18:58:05 [INFO] [evolutionary_search.cc:621] Evolve iter #0 done. Summary:
Postproc #0 [meta_schedule.DisallowDynamicLoop(0x564eed5f4368)]: 0 failure(s)
Postproc #1 [meta_schedule.RewriteCooperativeFetch(0x564eed4ed728)]: 0 failure(s)
Postproc #2 [meta_schedule.RewriteUnboundBlock(0x564eefce55b8)]: 0 failure(s)
Postproc #3 [meta_schedule.RewriteParallelVectorizeUnroll(0x564ef038b378)]: 0 failure(s)
Postproc #4 [meta_schedule.RewriteReductionBlock(0x564eeda14ee8)]: 0 failure(s)
Postproc #5 [meta_schedule.VerifyGPUCode(0x564eeab1b7d8)]: 0 failure(s)
Postproc #6 [meta_schedule.RewriteTensorize(0x564eec3fa718)]: 0 failure(s)
2023-04-12 18:58:05 [INFO] [evolutionary_search.cc:621] Evolve iter #1 done. Summary:
Postproc #0 [meta_schedule.DisallowDynamicLoop(0x564eed5f4368)]: 0 failure(s)
Postproc #1 [meta_schedule.RewriteCooperativeFetch(0x564eed4ed728)]: 0 failure(s)
Postproc #2 [meta_schedule.RewriteUnboundBlock(0x564eefce55b8)]: 0 failure(s)
Postproc #3 [meta_schedule.RewriteParallelVectorizeUnroll(0x564ef038b378)]: 0 failure(s)
Postproc #4 [meta_schedule.RewriteReductionBlock(0x564eeda14ee8)]: 0 failure(s)
Postproc #5 [meta_schedule.VerifyGPUCode(0x564eeab1b7d8)]: 0 failure(s)
Postproc #6 [meta_schedule.RewriteTensorize(0x564eec3fa718)]: 0 failure(s)
2023-04-12 18:58:05 [INFO] [evolutionary_search.cc:621] Evolve iter #2 done. Summary:
Postproc #0 [meta_schedule.DisallowDynamicLoop(0x564eed5f4368)]: 0 failure(s)
Postproc #1 [meta_schedule.RewriteCooperativeFetch(0x564eed4ed728)]: 0 failure(s)
Postproc #2 [meta_schedule.RewriteUnboundBlock(0x564eefce55b8)]: 0 failure(s)
Postproc #3 [meta_schedule.RewriteParallelVectorizeUnroll(0x564ef038b378)]: 0 failure(s)
Postproc #4 [meta_schedule.RewriteReductionBlock(0x564eeda14ee8)]: 0 failure(s)
Postproc #5 [meta_schedule.VerifyGPUCode(0x564eeab1b7d8)]: 0 failure(s)
Postproc #6 [meta_schedule.RewriteTensorize(0x564eec3fa718)]: 0 failure(s)
2023-04-12 18:58:05 [INFO] [evolutionary_search.cc:621] Evolve iter #3 done. Summary:
Postproc #0 [meta_schedule.DisallowDynamicLoop(0x564eed5f4368)]: 0 failure(s)
Postproc #1 [meta_schedule.RewriteCooperativeFetch(0x564eed4ed728)]: 0 failure(s)
Postproc #2 [meta_schedule.RewriteUnboundBlock(0x564eefce55b8)]: 0 failure(s)
Postproc #3 [meta_schedule.RewriteParallelVectorizeUnroll(0x564ef038b378)]: 0 failure(s)
Postproc #4 [meta_schedule.RewriteReductionBlock(0x564eeda14ee8)]: 0 failure(s)
Postproc #5 [meta_schedule.VerifyGPUCode(0x564eeab1b7d8)]: 0 failure(s)
Postproc #6 [meta_schedule.RewriteTensorize(0x564eec3fa718)]: 0 failure(s)
2023-04-12 18:58:05 [INFO] [evolutionary_search.cc:649] Scores of the best 6 candidates:
[1 : 6]:	0.7046  0.5850  0.5550  0.4439  0.3355  0.0734
2023-04-12 18:58:05 [INFO] [evolutionary_search.cc:727] Got 6 candidate(s) with evolutionary search
2023-04-12 18:58:05 [INFO] [evolutionary_search.cc:730] Sending 6 candidates(s) for measurement
2023-04-12 19:03:28 [INFO] [task_scheduler.cc:131] [Task #21: fused_transpose_expand_dims_squeeze_expand_dims_multiply_10] Trial #1: GFLOPs: 1.5114. Time: 2.7101 us. Best GFLOPs: 1.5114
2023-04-12 19:03:28 [INFO] [task_scheduler.cc:131] [Task #21: fused_transpose_expand_dims_squeeze_expand_dims_multiply_10] Trial #2: GFLOPs: 1.5436. Time: 2.6535 us. Best GFLOPs: 1.5436
2023-04-12 19:03:28 [INFO] [task_scheduler.cc:131] [Task #21: fused_transpose_expand_dims_squeeze_expand_dims_multiply_10] Trial #3: GFLOPs: 1.5114. Time: 2.7101 us. Best GFLOPs: 1.5436
2023-04-12 19:03:28 [INFO] [task_scheduler.cc:131] [Task #21: fused_transpose_expand_dims_squeeze_expand_dims_multiply_10] Trial #4: GFLOPs: 1.5473. Time: 2.6471 us. Best GFLOPs: 1.5473
2023-04-12 19:03:28 [INFO] [task_scheduler.cc:131] [Task #21: fused_transpose_expand_dims_squeeze_expand_dims_multiply_10] Trial #5: GFLOPs: 1.5521. Time: 2.6390 us. Best GFLOPs: 1.5521
2023-04-12 19:03:28 [INFO] [task_scheduler.cc:131] [Task #21: fused_transpose_expand_dims_squeeze_expand_dims_multiply_10] Trial #6: GFLOPs: 1.4069. Time: 2.9113 us. Best GFLOPs: 1.5521
