2023-03-09 21:51:05 [INFO] [task_scheduler.cc:160] Initializing Task #4: "fused_multiply"
2023-03-09 21:51:05 [INFO] [task_scheduler.cc:35] 
# from tvm.script import tir as T
@tvm.script.ir_module
class Module:
    @T.prim_func
    def main(p0: T.Buffer[(T.int64(1), T.int64(672), T.int64(1), T.int64(1)), "float32"], p1: T.Buffer[(T.int64(1), T.int64(672), T.int64(14), T.int64(14)), "float32"], T_multiply: T.Buffer[(T.int64(1), T.int64(672), T.int64(14), T.int64(14)), "float32"]):
        # function attr dict
        T.func_attr({"global_symbol": "main", "tir.noalias": True})
        # body
        # with T.block("root")
        for ax0, ax1, ax2, ax3 in T.grid(T.int64(1), T.int64(672), T.int64(14), T.int64(14)):
            with T.block("T_multiply"):
                v_ax0, v_ax1, v_ax2, v_ax3 = T.axis.remap("SSSS", [ax0, ax1, ax2, ax3])
                T.reads(p0[v_ax0, v_ax1, T.int64(0), T.int64(0)], p1[v_ax0, v_ax1, v_ax2, v_ax3])
                T.writes(T_multiply[v_ax0, v_ax1, v_ax2, v_ax3])
                T_multiply[v_ax0, v_ax1, v_ax2, v_ax3] = p0[v_ax0, v_ax1, T.int64(0), T.int64(0)] * p1[v_ax0, v_ax1, v_ax2, v_ax3]
    

2023-03-09 21:51:05 [INFO] [task_scheduler.cc:164] Total 1 design space(s) generated
2023-03-09 21:51:05 [INFO] [task_scheduler.cc:170] Design space #0:
# from tvm.script import tir as T
@tvm.script.ir_module
class Module:
    @T.prim_func
    def main(p0: T.Buffer[(T.int64(1), T.int64(672), T.int64(1), T.int64(1)), "float32"], p1: T.Buffer[(T.int64(1), T.int64(672), T.int64(14), T.int64(14)), "float32"], T_multiply: T.Buffer[(T.int64(1), T.int64(672), T.int64(14), T.int64(14)), "float32"]):
        # function attr dict
        T.func_attr({"global_symbol": "main", "tir.noalias": True})
        # body
        # with T.block("root")
        for ax0_ax1_ax2_ax3_fused_0 in T.thread_binding(T.int64(2058), thread="blockIdx.x"):
            for ax0_ax1_ax2_ax3_fused_1 in T.thread_binding(T.int64(64), thread="threadIdx.x"):
                with T.block("T_multiply"):
                    v_ax0 = T.axis.spatial(T.int64(1), T.int64(0))
                    v_ax1 = T.axis.spatial(T.int64(672), (ax0_ax1_ax2_ax3_fused_0 * T.int64(64) + ax0_ax1_ax2_ax3_fused_1) // T.int64(196))
                    v_ax2 = T.axis.spatial(T.int64(14), (ax0_ax1_ax2_ax3_fused_0 * T.int64(64) + ax0_ax1_ax2_ax3_fused_1) % T.int64(196) // T.int64(14))
                    v_ax3 = T.axis.spatial(T.int64(14), (ax0_ax1_ax2_ax3_fused_0 * T.int64(64) + ax0_ax1_ax2_ax3_fused_1) % T.int64(14))
                    T.reads(p0[v_ax0, v_ax1, T.int64(0), T.int64(0)], p1[v_ax0, v_ax1, v_ax2, v_ax3])
                    T.writes(T_multiply[v_ax0, v_ax1, v_ax2, v_ax3])
                    T_multiply[v_ax0, v_ax1, v_ax2, v_ax3] = p0[v_ax0, v_ax1, T.int64(0), T.int64(0)] * p1[v_ax0, v_ax1, v_ax2, v_ax3]
    

b0 = sch.get_block(name="T_multiply", func_name="main")
l1, l2, l3, l4 = sch.get_loops(block=b0)
l5 = sch.fuse(l1, l2, l3, l4, preserve_unit_iters=True)
v6 = sch.sample_categorical(candidates=[32, 64, 128, 256, 512, 1024], probs=[0.16666666666666666, 0.16666666666666666, 0.16666666666666666, 0.16666666666666666, 0.16666666666666666, 0.16666666666666666], decision=1)
l7, l8 = sch.split(loop=l5, factors=[None, v6], preserve_unit_iters=True)
sch.bind(loop=l7, thread_axis="blockIdx.x")
sch.bind(loop=l8, thread_axis="threadIdx.x")
2023-03-09 21:53:23 [INFO] [evolutionary_search.cc:713] Generating candidates......
2023-03-09 21:53:23 [INFO] [evolutionary_search.cc:715] Picked top 0 candidate(s) from database
2023-03-09 21:53:23 [INFO] [evolutionary_search.cc:533] Sample-Init-Population summary:
Postproc #0 [meta_schedule.DisallowDynamicLoop(0x55a778971038)]: 0 failure(s)
Postproc #1 [meta_schedule.RewriteCooperativeFetch(0x55a7789be578)]: 0 failure(s)
Postproc #2 [meta_schedule.RewriteUnboundBlock(0x55a7789a1498)]: 0 failure(s)
Postproc #3 [meta_schedule.RewriteParallelVectorizeUnroll(0x55a778f48978)]: 0 failure(s)
Postproc #4 [meta_schedule.RewriteReductionBlock(0x55a778efed48)]: 0 failure(s)
Postproc #5 [meta_schedule.VerifyGPUCode(0x55a7789a0768)]: 0 failure(s)
Postproc #6 [meta_schedule.RewriteTensorize(0x55a7789a10d8)]: 0 failure(s)
2023-03-09 21:53:23 [INFO] [evolutionary_search.cc:723] Sampled 512 candidate(s)
2023-03-09 21:53:24 [INFO] [evolutionary_search.cc:621] Evolve iter #0 done. Summary:
Postproc #0 [meta_schedule.DisallowDynamicLoop(0x55a778971038)]: 0 failure(s)
Postproc #1 [meta_schedule.RewriteCooperativeFetch(0x55a7789be578)]: 0 failure(s)
Postproc #2 [meta_schedule.RewriteUnboundBlock(0x55a7789a1498)]: 0 failure(s)
Postproc #3 [meta_schedule.RewriteParallelVectorizeUnroll(0x55a778f48978)]: 0 failure(s)
Postproc #4 [meta_schedule.RewriteReductionBlock(0x55a778efed48)]: 0 failure(s)
Postproc #5 [meta_schedule.VerifyGPUCode(0x55a7789a0768)]: 0 failure(s)
Postproc #6 [meta_schedule.RewriteTensorize(0x55a7789a10d8)]: 0 failure(s)
2023-03-09 21:53:24 [INFO] [evolutionary_search.cc:621] Evolve iter #1 done. Summary:
Postproc #0 [meta_schedule.DisallowDynamicLoop(0x55a778971038)]: 0 failure(s)
Postproc #1 [meta_schedule.RewriteCooperativeFetch(0x55a7789be578)]: 0 failure(s)
Postproc #2 [meta_schedule.RewriteUnboundBlock(0x55a7789a1498)]: 0 failure(s)
Postproc #3 [meta_schedule.RewriteParallelVectorizeUnroll(0x55a778f48978)]: 0 failure(s)
Postproc #4 [meta_schedule.RewriteReductionBlock(0x55a778efed48)]: 0 failure(s)
Postproc #5 [meta_schedule.VerifyGPUCode(0x55a7789a0768)]: 0 failure(s)
Postproc #6 [meta_schedule.RewriteTensorize(0x55a7789a10d8)]: 0 failure(s)
2023-03-09 21:53:25 [INFO] [evolutionary_search.cc:621] Evolve iter #2 done. Summary:
Postproc #0 [meta_schedule.DisallowDynamicLoop(0x55a778971038)]: 0 failure(s)
Postproc #1 [meta_schedule.RewriteCooperativeFetch(0x55a7789be578)]: 0 failure(s)
Postproc #2 [meta_schedule.RewriteUnboundBlock(0x55a7789a1498)]: 0 failure(s)
Postproc #3 [meta_schedule.RewriteParallelVectorizeUnroll(0x55a778f48978)]: 0 failure(s)
Postproc #4 [meta_schedule.RewriteReductionBlock(0x55a778efed48)]: 0 failure(s)
Postproc #5 [meta_schedule.VerifyGPUCode(0x55a7789a0768)]: 0 failure(s)
Postproc #6 [meta_schedule.RewriteTensorize(0x55a7789a10d8)]: 0 failure(s)
2023-03-09 21:53:26 [INFO] [evolutionary_search.cc:621] Evolve iter #3 done. Summary:
Postproc #0 [meta_schedule.DisallowDynamicLoop(0x55a778971038)]: 0 failure(s)
Postproc #1 [meta_schedule.RewriteCooperativeFetch(0x55a7789be578)]: 0 failure(s)
Postproc #2 [meta_schedule.RewriteUnboundBlock(0x55a7789a1498)]: 0 failure(s)
Postproc #3 [meta_schedule.RewriteParallelVectorizeUnroll(0x55a778f48978)]: 0 failure(s)
Postproc #4 [meta_schedule.RewriteReductionBlock(0x55a778efed48)]: 0 failure(s)
Postproc #5 [meta_schedule.VerifyGPUCode(0x55a7789a0768)]: 0 failure(s)
Postproc #6 [meta_schedule.RewriteTensorize(0x55a7789a10d8)]: 0 failure(s)
2023-03-09 21:53:26 [INFO] [evolutionary_search.cc:649] Scores of the best 6 candidates:
[1 : 6]:	0.8156  0.8033  0.7043  0.1733  0.1724  0.1237
2023-03-09 21:53:26 [INFO] [evolutionary_search.cc:727] Got 6 candidate(s) with evolutionary search
2023-03-09 21:53:26 [INFO] [evolutionary_search.cc:730] Sending 6 candidates(s) for measurement
2023-03-09 21:53:31 [INFO] [task_scheduler.cc:131] [Task #4: fused_multiply] Trial #1: GFLOPs: 41.9388. Time: 3.1406 us. Best GFLOPs: 41.9388
2023-03-09 21:53:31 [INFO] [task_scheduler.cc:131] [Task #4: fused_multiply] Trial #2: GFLOPs: 22.4572. Time: 5.8650 us. Best GFLOPs: 41.9388
2023-03-09 21:53:31 [INFO] [task_scheduler.cc:131] [Task #4: fused_multiply] Trial #3: GFLOPs: 38.8147. Time: 3.3933 us. Best GFLOPs: 41.9388
2023-03-09 21:53:31 [INFO] [task_scheduler.cc:131] [Task #4: fused_multiply] Trial #4: GFLOPs: 31.8287. Time: 4.1381 us. Best GFLOPs: 41.9388
2023-03-09 21:53:31 [INFO] [task_scheduler.cc:131] [Task #4: fused_multiply] Trial #5: GFLOPs: 36.0496. Time: 3.6536 us. Best GFLOPs: 41.9388
2023-03-09 21:53:31 [INFO] [task_scheduler.cc:131] [Task #4: fused_multiply] Trial #6: GFLOPs: 39.6221. Time: 3.3242 us. Best GFLOPs: 41.9388
2023-03-09 21:54:46 [INFO] [evolutionary_search.cc:713] Generating candidates......
2023-03-09 21:54:46 [INFO] [evolutionary_search.cc:715] Picked top 6 candidate(s) from database
2023-03-09 21:54:46 [INFO] [evolutionary_search.cc:533] Sample-Init-Population summary:
Postproc #0 [meta_schedule.DisallowDynamicLoop(0x55a778971038)]: 0 failure(s)
Postproc #1 [meta_schedule.RewriteCooperativeFetch(0x55a7789be578)]: 0 failure(s)
Postproc #2 [meta_schedule.RewriteUnboundBlock(0x55a7789a1498)]: 0 failure(s)
Postproc #3 [meta_schedule.RewriteParallelVectorizeUnroll(0x55a778f48978)]: 0 failure(s)
Postproc #4 [meta_schedule.RewriteReductionBlock(0x55a778efed48)]: 0 failure(s)
Postproc #5 [meta_schedule.VerifyGPUCode(0x55a7789a0768)]: 0 failure(s)
Postproc #6 [meta_schedule.RewriteTensorize(0x55a7789a10d8)]: 0 failure(s)
2023-03-09 21:54:46 [INFO] [evolutionary_search.cc:723] Sampled 506 candidate(s)
2023-03-09 21:54:47 [INFO] [evolutionary_search.cc:621] Evolve iter #0 done. Summary:
Postproc #0 [meta_schedule.DisallowDynamicLoop(0x55a778971038)]: 0 failure(s)
Postproc #1 [meta_schedule.RewriteCooperativeFetch(0x55a7789be578)]: 0 failure(s)
Postproc #2 [meta_schedule.RewriteUnboundBlock(0x55a7789a1498)]: 0 failure(s)
Postproc #3 [meta_schedule.RewriteParallelVectorizeUnroll(0x55a778f48978)]: 0 failure(s)
Postproc #4 [meta_schedule.RewriteReductionBlock(0x55a778efed48)]: 0 failure(s)
Postproc #5 [meta_schedule.VerifyGPUCode(0x55a7789a0768)]: 0 failure(s)
Postproc #6 [meta_schedule.RewriteTensorize(0x55a7789a10d8)]: 0 failure(s)
2023-03-09 21:54:49 [INFO] [evolutionary_search.cc:621] Evolve iter #1 done. Summary:
Postproc #0 [meta_schedule.DisallowDynamicLoop(0x55a778971038)]: 0 failure(s)
Postproc #1 [meta_schedule.RewriteCooperativeFetch(0x55a7789be578)]: 0 failure(s)
Postproc #2 [meta_schedule.RewriteUnboundBlock(0x55a7789a1498)]: 0 failure(s)
Postproc #3 [meta_schedule.RewriteParallelVectorizeUnroll(0x55a778f48978)]: 0 failure(s)
Postproc #4 [meta_schedule.RewriteReductionBlock(0x55a778efed48)]: 0 failure(s)
Postproc #5 [meta_schedule.VerifyGPUCode(0x55a7789a0768)]: 0 failure(s)
Postproc #6 [meta_schedule.RewriteTensorize(0x55a7789a10d8)]: 0 failure(s)
2023-03-09 21:54:50 [INFO] [evolutionary_search.cc:621] Evolve iter #2 done. Summary:
Postproc #0 [meta_schedule.DisallowDynamicLoop(0x55a778971038)]: 0 failure(s)
Postproc #1 [meta_schedule.RewriteCooperativeFetch(0x55a7789be578)]: 0 failure(s)
Postproc #2 [meta_schedule.RewriteUnboundBlock(0x55a7789a1498)]: 0 failure(s)
Postproc #3 [meta_schedule.RewriteParallelVectorizeUnroll(0x55a778f48978)]: 0 failure(s)
Postproc #4 [meta_schedule.RewriteReductionBlock(0x55a778efed48)]: 0 failure(s)
Postproc #5 [meta_schedule.VerifyGPUCode(0x55a7789a0768)]: 0 failure(s)
Postproc #6 [meta_schedule.RewriteTensorize(0x55a7789a10d8)]: 0 failure(s)
2023-03-09 21:54:51 [INFO] [evolutionary_search.cc:621] Evolve iter #3 done. Summary:
Postproc #0 [meta_schedule.DisallowDynamicLoop(0x55a778971038)]: 0 failure(s)
Postproc #1 [meta_schedule.RewriteCooperativeFetch(0x55a7789be578)]: 0 failure(s)
Postproc #2 [meta_schedule.RewriteUnboundBlock(0x55a7789a1498)]: 0 failure(s)
Postproc #3 [meta_schedule.RewriteParallelVectorizeUnroll(0x55a778f48978)]: 0 failure(s)
Postproc #4 [meta_schedule.RewriteReductionBlock(0x55a778efed48)]: 0 failure(s)
Postproc #5 [meta_schedule.VerifyGPUCode(0x55a7789a0768)]: 0 failure(s)
Postproc #6 [meta_schedule.RewriteTensorize(0x55a7789a10d8)]: 0 failure(s)
2023-03-09 21:54:52 [INFO] [evolutionary_search.cc:649] Scores of the best 0 candidates:
2023-03-09 21:54:52 [INFO] [evolutionary_search.cc:727] Got 0 candidate(s) with evolutionary search
2023-03-09 21:54:52 [INFO] [evolutionary_search.cc:730] Sending 0 candidates(s) for measurement
2023-03-09 21:55:06 [INFO] [evolutionary_search.cc:713] Generating candidates......
2023-03-09 21:55:06 [INFO] [evolutionary_search.cc:715] Picked top 6 candidate(s) from database
2023-03-09 21:55:06 [INFO] [evolutionary_search.cc:533] Sample-Init-Population summary:
Postproc #0 [meta_schedule.DisallowDynamicLoop(0x55a778971038)]: 0 failure(s)
Postproc #1 [meta_schedule.RewriteCooperativeFetch(0x55a7789be578)]: 0 failure(s)
Postproc #2 [meta_schedule.RewriteUnboundBlock(0x55a7789a1498)]: 0 failure(s)
Postproc #3 [meta_schedule.RewriteParallelVectorizeUnroll(0x55a778f48978)]: 0 failure(s)
Postproc #4 [meta_schedule.RewriteReductionBlock(0x55a778efed48)]: 0 failure(s)
Postproc #5 [meta_schedule.VerifyGPUCode(0x55a7789a0768)]: 0 failure(s)
Postproc #6 [meta_schedule.RewriteTensorize(0x55a7789a10d8)]: 0 failure(s)
2023-03-09 21:55:06 [INFO] [evolutionary_search.cc:723] Sampled 506 candidate(s)
2023-03-09 21:55:08 [INFO] [evolutionary_search.cc:621] Evolve iter #0 done. Summary:
Postproc #0 [meta_schedule.DisallowDynamicLoop(0x55a778971038)]: 0 failure(s)
Postproc #1 [meta_schedule.RewriteCooperativeFetch(0x55a7789be578)]: 0 failure(s)
Postproc #2 [meta_schedule.RewriteUnboundBlock(0x55a7789a1498)]: 0 failure(s)
Postproc #3 [meta_schedule.RewriteParallelVectorizeUnroll(0x55a778f48978)]: 0 failure(s)
Postproc #4 [meta_schedule.RewriteReductionBlock(0x55a778efed48)]: 0 failure(s)
Postproc #5 [meta_schedule.VerifyGPUCode(0x55a7789a0768)]: 0 failure(s)
Postproc #6 [meta_schedule.RewriteTensorize(0x55a7789a10d8)]: 0 failure(s)
2023-03-09 21:55:09 [INFO] [evolutionary_search.cc:621] Evolve iter #1 done. Summary:
Postproc #0 [meta_schedule.DisallowDynamicLoop(0x55a778971038)]: 0 failure(s)
Postproc #1 [meta_schedule.RewriteCooperativeFetch(0x55a7789be578)]: 0 failure(s)
Postproc #2 [meta_schedule.RewriteUnboundBlock(0x55a7789a1498)]: 0 failure(s)
Postproc #3 [meta_schedule.RewriteParallelVectorizeUnroll(0x55a778f48978)]: 0 failure(s)
Postproc #4 [meta_schedule.RewriteReductionBlock(0x55a778efed48)]: 0 failure(s)
Postproc #5 [meta_schedule.VerifyGPUCode(0x55a7789a0768)]: 0 failure(s)
Postproc #6 [meta_schedule.RewriteTensorize(0x55a7789a10d8)]: 0 failure(s)
2023-03-09 21:55:10 [INFO] [evolutionary_search.cc:621] Evolve iter #2 done. Summary:
Postproc #0 [meta_schedule.DisallowDynamicLoop(0x55a778971038)]: 0 failure(s)
Postproc #1 [meta_schedule.RewriteCooperativeFetch(0x55a7789be578)]: 0 failure(s)
Postproc #2 [meta_schedule.RewriteUnboundBlock(0x55a7789a1498)]: 0 failure(s)
Postproc #3 [meta_schedule.RewriteParallelVectorizeUnroll(0x55a778f48978)]: 0 failure(s)
Postproc #4 [meta_schedule.RewriteReductionBlock(0x55a778efed48)]: 0 failure(s)
Postproc #5 [meta_schedule.VerifyGPUCode(0x55a7789a0768)]: 0 failure(s)
Postproc #6 [meta_schedule.RewriteTensorize(0x55a7789a10d8)]: 0 failure(s)
2023-03-09 21:55:11 [INFO] [evolutionary_search.cc:621] Evolve iter #3 done. Summary:
Postproc #0 [meta_schedule.DisallowDynamicLoop(0x55a778971038)]: 0 failure(s)
Postproc #1 [meta_schedule.RewriteCooperativeFetch(0x55a7789be578)]: 0 failure(s)
Postproc #2 [meta_schedule.RewriteUnboundBlock(0x55a7789a1498)]: 0 failure(s)
Postproc #3 [meta_schedule.RewriteParallelVectorizeUnroll(0x55a778f48978)]: 0 failure(s)
Postproc #4 [meta_schedule.RewriteReductionBlock(0x55a778efed48)]: 0 failure(s)
Postproc #5 [meta_schedule.VerifyGPUCode(0x55a7789a0768)]: 0 failure(s)
Postproc #6 [meta_schedule.RewriteTensorize(0x55a7789a10d8)]: 0 failure(s)
2023-03-09 21:55:12 [INFO] [evolutionary_search.cc:649] Scores of the best 0 candidates:
2023-03-09 21:55:12 [INFO] [evolutionary_search.cc:727] Got 0 candidate(s) with evolutionary search
2023-03-09 21:55:12 [INFO] [evolutionary_search.cc:730] Sending 0 candidates(s) for measurement
2023-03-09 21:55:12 [INFO] [evolutionary_search.cc:713] Generating candidates......
2023-03-09 21:55:12 [INFO] [evolutionary_search.cc:715] Picked top 6 candidate(s) from database
2023-03-09 21:55:13 [INFO] [evolutionary_search.cc:533] Sample-Init-Population summary:
Postproc #0 [meta_schedule.DisallowDynamicLoop(0x55a778971038)]: 0 failure(s)
Postproc #1 [meta_schedule.RewriteCooperativeFetch(0x55a7789be578)]: 0 failure(s)
Postproc #2 [meta_schedule.RewriteUnboundBlock(0x55a7789a1498)]: 0 failure(s)
Postproc #3 [meta_schedule.RewriteParallelVectorizeUnroll(0x55a778f48978)]: 0 failure(s)
Postproc #4 [meta_schedule.RewriteReductionBlock(0x55a778efed48)]: 0 failure(s)
Postproc #5 [meta_schedule.VerifyGPUCode(0x55a7789a0768)]: 0 failure(s)
Postproc #6 [meta_schedule.RewriteTensorize(0x55a7789a10d8)]: 0 failure(s)
2023-03-09 21:55:13 [INFO] [evolutionary_search.cc:723] Sampled 506 candidate(s)
2023-03-09 21:55:14 [INFO] [evolutionary_search.cc:621] Evolve iter #0 done. Summary:
Postproc #0 [meta_schedule.DisallowDynamicLoop(0x55a778971038)]: 0 failure(s)
Postproc #1 [meta_schedule.RewriteCooperativeFetch(0x55a7789be578)]: 0 failure(s)
Postproc #2 [meta_schedule.RewriteUnboundBlock(0x55a7789a1498)]: 0 failure(s)
Postproc #3 [meta_schedule.RewriteParallelVectorizeUnroll(0x55a778f48978)]: 0 failure(s)
Postproc #4 [meta_schedule.RewriteReductionBlock(0x55a778efed48)]: 0 failure(s)
Postproc #5 [meta_schedule.VerifyGPUCode(0x55a7789a0768)]: 0 failure(s)
Postproc #6 [meta_schedule.RewriteTensorize(0x55a7789a10d8)]: 0 failure(s)
2023-03-09 21:55:15 [INFO] [evolutionary_search.cc:621] Evolve iter #1 done. Summary:
Postproc #0 [meta_schedule.DisallowDynamicLoop(0x55a778971038)]: 0 failure(s)
Postproc #1 [meta_schedule.RewriteCooperativeFetch(0x55a7789be578)]: 0 failure(s)
Postproc #2 [meta_schedule.RewriteUnboundBlock(0x55a7789a1498)]: 0 failure(s)
Postproc #3 [meta_schedule.RewriteParallelVectorizeUnroll(0x55a778f48978)]: 0 failure(s)
Postproc #4 [meta_schedule.RewriteReductionBlock(0x55a778efed48)]: 0 failure(s)
Postproc #5 [meta_schedule.VerifyGPUCode(0x55a7789a0768)]: 0 failure(s)
Postproc #6 [meta_schedule.RewriteTensorize(0x55a7789a10d8)]: 0 failure(s)
2023-03-09 21:55:16 [INFO] [evolutionary_search.cc:621] Evolve iter #2 done. Summary:
Postproc #0 [meta_schedule.DisallowDynamicLoop(0x55a778971038)]: 0 failure(s)
Postproc #1 [meta_schedule.RewriteCooperativeFetch(0x55a7789be578)]: 0 failure(s)
Postproc #2 [meta_schedule.RewriteUnboundBlock(0x55a7789a1498)]: 0 failure(s)
Postproc #3 [meta_schedule.RewriteParallelVectorizeUnroll(0x55a778f48978)]: 0 failure(s)
Postproc #4 [meta_schedule.RewriteReductionBlock(0x55a778efed48)]: 0 failure(s)
Postproc #5 [meta_schedule.VerifyGPUCode(0x55a7789a0768)]: 0 failure(s)
Postproc #6 [meta_schedule.RewriteTensorize(0x55a7789a10d8)]: 0 failure(s)
2023-03-09 21:55:18 [INFO] [evolutionary_search.cc:621] Evolve iter #3 done. Summary:
Postproc #0 [meta_schedule.DisallowDynamicLoop(0x55a778971038)]: 0 failure(s)
Postproc #1 [meta_schedule.RewriteCooperativeFetch(0x55a7789be578)]: 0 failure(s)
Postproc #2 [meta_schedule.RewriteUnboundBlock(0x55a7789a1498)]: 0 failure(s)
Postproc #3 [meta_schedule.RewriteParallelVectorizeUnroll(0x55a778f48978)]: 0 failure(s)
Postproc #4 [meta_schedule.RewriteReductionBlock(0x55a778efed48)]: 0 failure(s)
Postproc #5 [meta_schedule.VerifyGPUCode(0x55a7789a0768)]: 0 failure(s)
Postproc #6 [meta_schedule.RewriteTensorize(0x55a7789a10d8)]: 0 failure(s)
2023-03-09 21:55:19 [INFO] [evolutionary_search.cc:649] Scores of the best 0 candidates:
2023-03-09 21:55:19 [INFO] [evolutionary_search.cc:727] Got 0 candidate(s) with evolutionary search
2023-03-09 21:55:19 [INFO] [evolutionary_search.cc:730] Sending 0 candidates(s) for measurement
2023-03-09 21:55:19 [INFO] [evolutionary_search.cc:713] Generating candidates......
2023-03-09 21:55:19 [INFO] [evolutionary_search.cc:715] Picked top 6 candidate(s) from database
2023-03-09 21:55:19 [INFO] [evolutionary_search.cc:533] Sample-Init-Population summary:
Postproc #0 [meta_schedule.DisallowDynamicLoop(0x55a778971038)]: 0 failure(s)
Postproc #1 [meta_schedule.RewriteCooperativeFetch(0x55a7789be578)]: 0 failure(s)
Postproc #2 [meta_schedule.RewriteUnboundBlock(0x55a7789a1498)]: 0 failure(s)
Postproc #3 [meta_schedule.RewriteParallelVectorizeUnroll(0x55a778f48978)]: 0 failure(s)
Postproc #4 [meta_schedule.RewriteReductionBlock(0x55a778efed48)]: 0 failure(s)
Postproc #5 [meta_schedule.VerifyGPUCode(0x55a7789a0768)]: 0 failure(s)
Postproc #6 [meta_schedule.RewriteTensorize(0x55a7789a10d8)]: 0 failure(s)
2023-03-09 21:55:19 [INFO] [evolutionary_search.cc:723] Sampled 506 candidate(s)
2023-03-09 21:55:20 [INFO] [evolutionary_search.cc:621] Evolve iter #0 done. Summary:
Postproc #0 [meta_schedule.DisallowDynamicLoop(0x55a778971038)]: 0 failure(s)
Postproc #1 [meta_schedule.RewriteCooperativeFetch(0x55a7789be578)]: 0 failure(s)
Postproc #2 [meta_schedule.RewriteUnboundBlock(0x55a7789a1498)]: 0 failure(s)
Postproc #3 [meta_schedule.RewriteParallelVectorizeUnroll(0x55a778f48978)]: 0 failure(s)
Postproc #4 [meta_schedule.RewriteReductionBlock(0x55a778efed48)]: 0 failure(s)
Postproc #5 [meta_schedule.VerifyGPUCode(0x55a7789a0768)]: 0 failure(s)
Postproc #6 [meta_schedule.RewriteTensorize(0x55a7789a10d8)]: 0 failure(s)
2023-03-09 21:55:22 [INFO] [evolutionary_search.cc:621] Evolve iter #1 done. Summary:
Postproc #0 [meta_schedule.DisallowDynamicLoop(0x55a778971038)]: 0 failure(s)
Postproc #1 [meta_schedule.RewriteCooperativeFetch(0x55a7789be578)]: 0 failure(s)
Postproc #2 [meta_schedule.RewriteUnboundBlock(0x55a7789a1498)]: 0 failure(s)
Postproc #3 [meta_schedule.RewriteParallelVectorizeUnroll(0x55a778f48978)]: 0 failure(s)
Postproc #4 [meta_schedule.RewriteReductionBlock(0x55a778efed48)]: 0 failure(s)
Postproc #5 [meta_schedule.VerifyGPUCode(0x55a7789a0768)]: 0 failure(s)
Postproc #6 [meta_schedule.RewriteTensorize(0x55a7789a10d8)]: 0 failure(s)
2023-03-09 21:55:23 [INFO] [evolutionary_search.cc:621] Evolve iter #2 done. Summary:
Postproc #0 [meta_schedule.DisallowDynamicLoop(0x55a778971038)]: 0 failure(s)
Postproc #1 [meta_schedule.RewriteCooperativeFetch(0x55a7789be578)]: 0 failure(s)
Postproc #2 [meta_schedule.RewriteUnboundBlock(0x55a7789a1498)]: 0 failure(s)
Postproc #3 [meta_schedule.RewriteParallelVectorizeUnroll(0x55a778f48978)]: 0 failure(s)
Postproc #4 [meta_schedule.RewriteReductionBlock(0x55a778efed48)]: 0 failure(s)
Postproc #5 [meta_schedule.VerifyGPUCode(0x55a7789a0768)]: 0 failure(s)
Postproc #6 [meta_schedule.RewriteTensorize(0x55a7789a10d8)]: 0 failure(s)
2023-03-09 21:55:24 [INFO] [evolutionary_search.cc:621] Evolve iter #3 done. Summary:
Postproc #0 [meta_schedule.DisallowDynamicLoop(0x55a778971038)]: 0 failure(s)
Postproc #1 [meta_schedule.RewriteCooperativeFetch(0x55a7789be578)]: 0 failure(s)
Postproc #2 [meta_schedule.RewriteUnboundBlock(0x55a7789a1498)]: 0 failure(s)
Postproc #3 [meta_schedule.RewriteParallelVectorizeUnroll(0x55a778f48978)]: 0 failure(s)
Postproc #4 [meta_schedule.RewriteReductionBlock(0x55a778efed48)]: 0 failure(s)
Postproc #5 [meta_schedule.VerifyGPUCode(0x55a7789a0768)]: 0 failure(s)
Postproc #6 [meta_schedule.RewriteTensorize(0x55a7789a10d8)]: 0 failure(s)
2023-03-09 21:55:25 [INFO] [evolutionary_search.cc:649] Scores of the best 0 candidates:
2023-03-09 21:55:25 [INFO] [evolutionary_search.cc:727] Got 0 candidate(s) with evolutionary search
2023-03-09 21:55:25 [INFO] [evolutionary_search.cc:730] Sending 0 candidates(s) for measurement
2023-03-09 21:55:25 [INFO] [evolutionary_search.cc:713] Generating candidates......
2023-03-09 21:55:25 [INFO] [evolutionary_search.cc:715] Picked top 6 candidate(s) from database
2023-03-09 21:55:26 [INFO] [evolutionary_search.cc:533] Sample-Init-Population summary:
Postproc #0 [meta_schedule.DisallowDynamicLoop(0x55a778971038)]: 0 failure(s)
Postproc #1 [meta_schedule.RewriteCooperativeFetch(0x55a7789be578)]: 0 failure(s)
Postproc #2 [meta_schedule.RewriteUnboundBlock(0x55a7789a1498)]: 0 failure(s)
Postproc #3 [meta_schedule.RewriteParallelVectorizeUnroll(0x55a778f48978)]: 0 failure(s)
Postproc #4 [meta_schedule.RewriteReductionBlock(0x55a778efed48)]: 0 failure(s)
Postproc #5 [meta_schedule.VerifyGPUCode(0x55a7789a0768)]: 0 failure(s)
Postproc #6 [meta_schedule.RewriteTensorize(0x55a7789a10d8)]: 0 failure(s)
2023-03-09 21:55:26 [INFO] [evolutionary_search.cc:723] Sampled 506 candidate(s)
2023-03-09 21:55:27 [INFO] [evolutionary_search.cc:621] Evolve iter #0 done. Summary:
Postproc #0 [meta_schedule.DisallowDynamicLoop(0x55a778971038)]: 0 failure(s)
Postproc #1 [meta_schedule.RewriteCooperativeFetch(0x55a7789be578)]: 0 failure(s)
Postproc #2 [meta_schedule.RewriteUnboundBlock(0x55a7789a1498)]: 0 failure(s)
Postproc #3 [meta_schedule.RewriteParallelVectorizeUnroll(0x55a778f48978)]: 0 failure(s)
Postproc #4 [meta_schedule.RewriteReductionBlock(0x55a778efed48)]: 0 failure(s)
Postproc #5 [meta_schedule.VerifyGPUCode(0x55a7789a0768)]: 0 failure(s)
Postproc #6 [meta_schedule.RewriteTensorize(0x55a7789a10d8)]: 0 failure(s)
2023-03-09 21:55:28 [INFO] [evolutionary_search.cc:621] Evolve iter #1 done. Summary:
Postproc #0 [meta_schedule.DisallowDynamicLoop(0x55a778971038)]: 0 failure(s)
Postproc #1 [meta_schedule.RewriteCooperativeFetch(0x55a7789be578)]: 0 failure(s)
Postproc #2 [meta_schedule.RewriteUnboundBlock(0x55a7789a1498)]: 0 failure(s)
Postproc #3 [meta_schedule.RewriteParallelVectorizeUnroll(0x55a778f48978)]: 0 failure(s)
Postproc #4 [meta_schedule.RewriteReductionBlock(0x55a778efed48)]: 0 failure(s)
Postproc #5 [meta_schedule.VerifyGPUCode(0x55a7789a0768)]: 0 failure(s)
Postproc #6 [meta_schedule.RewriteTensorize(0x55a7789a10d8)]: 0 failure(s)
2023-03-09 21:55:29 [INFO] [evolutionary_search.cc:621] Evolve iter #2 done. Summary:
Postproc #0 [meta_schedule.DisallowDynamicLoop(0x55a778971038)]: 0 failure(s)
Postproc #1 [meta_schedule.RewriteCooperativeFetch(0x55a7789be578)]: 0 failure(s)
Postproc #2 [meta_schedule.RewriteUnboundBlock(0x55a7789a1498)]: 0 failure(s)
Postproc #3 [meta_schedule.RewriteParallelVectorizeUnroll(0x55a778f48978)]: 0 failure(s)
Postproc #4 [meta_schedule.RewriteReductionBlock(0x55a778efed48)]: 0 failure(s)
Postproc #5 [meta_schedule.VerifyGPUCode(0x55a7789a0768)]: 0 failure(s)
Postproc #6 [meta_schedule.RewriteTensorize(0x55a7789a10d8)]: 0 failure(s)
2023-03-09 21:55:30 [INFO] [evolutionary_search.cc:621] Evolve iter #3 done. Summary:
Postproc #0 [meta_schedule.DisallowDynamicLoop(0x55a778971038)]: 0 failure(s)
Postproc #1 [meta_schedule.RewriteCooperativeFetch(0x55a7789be578)]: 0 failure(s)
Postproc #2 [meta_schedule.RewriteUnboundBlock(0x55a7789a1498)]: 0 failure(s)
Postproc #3 [meta_schedule.RewriteParallelVectorizeUnroll(0x55a778f48978)]: 0 failure(s)
Postproc #4 [meta_schedule.RewriteReductionBlock(0x55a778efed48)]: 0 failure(s)
Postproc #5 [meta_schedule.VerifyGPUCode(0x55a7789a0768)]: 0 failure(s)
Postproc #6 [meta_schedule.RewriteTensorize(0x55a7789a10d8)]: 0 failure(s)
2023-03-09 21:55:32 [INFO] [evolutionary_search.cc:649] Scores of the best 0 candidates:
2023-03-09 21:55:32 [INFO] [evolutionary_search.cc:727] Got 0 candidate(s) with evolutionary search
2023-03-09 21:55:32 [INFO] [evolutionary_search.cc:730] Sending 0 candidates(s) for measurement
2023-04-12 17:16:41 [INFO] [task_scheduler.cc:160] Initializing Task #4: "fused_multiply"
2023-04-12 17:16:41 [INFO] [task_scheduler.cc:35] 
# from tvm.script import tir as T
@tvm.script.ir_module
class Module:
    @T.prim_func
    def main(p0: T.Buffer[(T.int64(1), T.int64(672), T.int64(1), T.int64(1)), "float32"], p1: T.Buffer[(T.int64(1), T.int64(672), T.int64(14), T.int64(14)), "float32"], T_multiply: T.Buffer[(T.int64(1), T.int64(672), T.int64(14), T.int64(14)), "float32"]):
        # function attr dict
        T.func_attr({"global_symbol": "main", "tir.noalias": True})
        # body
        # with T.block("root")
        for ax0, ax1, ax2, ax3 in T.grid(T.int64(1), T.int64(672), T.int64(14), T.int64(14)):
            with T.block("T_multiply"):
                v_ax0, v_ax1, v_ax2, v_ax3 = T.axis.remap("SSSS", [ax0, ax1, ax2, ax3])
                T.reads(p0[v_ax0, v_ax1, T.int64(0), T.int64(0)], p1[v_ax0, v_ax1, v_ax2, v_ax3])
                T.writes(T_multiply[v_ax0, v_ax1, v_ax2, v_ax3])
                T_multiply[v_ax0, v_ax1, v_ax2, v_ax3] = p0[v_ax0, v_ax1, T.int64(0), T.int64(0)] * p1[v_ax0, v_ax1, v_ax2, v_ax3]
    

2023-04-12 17:16:41 [INFO] [task_scheduler.cc:164] Total 1 design space(s) generated
2023-04-12 17:16:41 [INFO] [task_scheduler.cc:170] Design space #0:
# from tvm.script import tir as T
@tvm.script.ir_module
class Module:
    @T.prim_func
    def main(p0: T.Buffer[(T.int64(1), T.int64(672), T.int64(1), T.int64(1)), "float32"], p1: T.Buffer[(T.int64(1), T.int64(672), T.int64(14), T.int64(14)), "float32"], T_multiply: T.Buffer[(T.int64(1), T.int64(672), T.int64(14), T.int64(14)), "float32"]):
        # function attr dict
        T.func_attr({"global_symbol": "main", "tir.noalias": True})
        # body
        # with T.block("root")
        for ax0_ax1_ax2_ax3_fused_0 in T.thread_binding(T.int64(515), thread="blockIdx.x"):
            for ax0_ax1_ax2_ax3_fused_1 in T.thread_binding(T.int64(256), thread="threadIdx.x"):
                with T.block("T_multiply"):
                    T.where(ax0_ax1_ax2_ax3_fused_0 * T.int64(256) + ax0_ax1_ax2_ax3_fused_1 < T.int64(131712))
                    v_ax0 = T.axis.spatial(T.int64(1), T.int64(0))
                    v_ax1 = T.axis.spatial(T.int64(672), (ax0_ax1_ax2_ax3_fused_0 * T.int64(256) + ax0_ax1_ax2_ax3_fused_1) // T.int64(196))
                    v_ax2 = T.axis.spatial(T.int64(14), (ax0_ax1_ax2_ax3_fused_0 * T.int64(256) + ax0_ax1_ax2_ax3_fused_1) % T.int64(196) // T.int64(14))
                    v_ax3 = T.axis.spatial(T.int64(14), (ax0_ax1_ax2_ax3_fused_0 * T.int64(256) + ax0_ax1_ax2_ax3_fused_1) % T.int64(14))
                    T.reads(p0[v_ax0, v_ax1, T.int64(0), T.int64(0)], p1[v_ax0, v_ax1, v_ax2, v_ax3])
                    T.writes(T_multiply[v_ax0, v_ax1, v_ax2, v_ax3])
                    T_multiply[v_ax0, v_ax1, v_ax2, v_ax3] = p0[v_ax0, v_ax1, T.int64(0), T.int64(0)] * p1[v_ax0, v_ax1, v_ax2, v_ax3]
    

b0 = sch.get_block(name="T_multiply", func_name="main")
l1, l2, l3, l4 = sch.get_loops(block=b0)
l5 = sch.fuse(l1, l2, l3, l4, preserve_unit_iters=True)
v6 = sch.sample_categorical(candidates=[32, 64, 128, 256, 512, 1024], probs=[0.16666666666666666, 0.16666666666666666, 0.16666666666666666, 0.16666666666666666, 0.16666666666666666, 0.16666666666666666], decision=3)
l7, l8 = sch.split(loop=l5, factors=[None, v6], preserve_unit_iters=True)
sch.bind(loop=l7, thread_axis="blockIdx.x")
sch.bind(loop=l8, thread_axis="threadIdx.x")
2023-04-12 17:17:54 [INFO] [evolutionary_search.cc:713] Generating candidates......
2023-04-12 17:17:55 [INFO] [evolutionary_search.cc:715] Picked top 6 candidate(s) from database
2023-04-12 17:17:55 [INFO] [evolutionary_search.cc:533] Sample-Init-Population summary:
Postproc #0 [meta_schedule.DisallowDynamicLoop(0x55f97f1e9258)]: 0 failure(s)
Postproc #1 [meta_schedule.RewriteCooperativeFetch(0x55f97fda7fe8)]: 0 failure(s)
Postproc #2 [meta_schedule.RewriteUnboundBlock(0x55f97f696a68)]: 0 failure(s)
Postproc #3 [meta_schedule.RewriteParallelVectorizeUnroll(0x55f97fe43608)]: 0 failure(s)
Postproc #4 [meta_schedule.RewriteReductionBlock(0x55f97fe31db8)]: 0 failure(s)
Postproc #5 [meta_schedule.VerifyGPUCode(0x55f97f697678)]: 0 failure(s)
Postproc #6 [meta_schedule.RewriteTensorize(0x55f97fda7c28)]: 0 failure(s)
2023-04-12 17:17:55 [INFO] [evolutionary_search.cc:723] Sampled 506 candidate(s)
2023-04-12 17:17:55 [INFO] [evolutionary_search.cc:621] Evolve iter #0 done. Summary:
Postproc #0 [meta_schedule.DisallowDynamicLoop(0x55f97f1e9258)]: 0 failure(s)
Postproc #1 [meta_schedule.RewriteCooperativeFetch(0x55f97fda7fe8)]: 0 failure(s)
Postproc #2 [meta_schedule.RewriteUnboundBlock(0x55f97f696a68)]: 0 failure(s)
Postproc #3 [meta_schedule.RewriteParallelVectorizeUnroll(0x55f97fe43608)]: 0 failure(s)
Postproc #4 [meta_schedule.RewriteReductionBlock(0x55f97fe31db8)]: 0 failure(s)
Postproc #5 [meta_schedule.VerifyGPUCode(0x55f97f697678)]: 0 failure(s)
Postproc #6 [meta_schedule.RewriteTensorize(0x55f97fda7c28)]: 0 failure(s)
2023-04-12 17:17:55 [INFO] [evolutionary_search.cc:621] Evolve iter #1 done. Summary:
Postproc #0 [meta_schedule.DisallowDynamicLoop(0x55f97f1e9258)]: 0 failure(s)
Postproc #1 [meta_schedule.RewriteCooperativeFetch(0x55f97fda7fe8)]: 0 failure(s)
Postproc #2 [meta_schedule.RewriteUnboundBlock(0x55f97f696a68)]: 0 failure(s)
Postproc #3 [meta_schedule.RewriteParallelVectorizeUnroll(0x55f97fe43608)]: 0 failure(s)
Postproc #4 [meta_schedule.RewriteReductionBlock(0x55f97fe31db8)]: 0 failure(s)
Postproc #5 [meta_schedule.VerifyGPUCode(0x55f97f697678)]: 0 failure(s)
Postproc #6 [meta_schedule.RewriteTensorize(0x55f97fda7c28)]: 0 failure(s)
2023-04-12 17:17:55 [INFO] [evolutionary_search.cc:621] Evolve iter #2 done. Summary:
Postproc #0 [meta_schedule.DisallowDynamicLoop(0x55f97f1e9258)]: 0 failure(s)
Postproc #1 [meta_schedule.RewriteCooperativeFetch(0x55f97fda7fe8)]: 0 failure(s)
Postproc #2 [meta_schedule.RewriteUnboundBlock(0x55f97f696a68)]: 0 failure(s)
Postproc #3 [meta_schedule.RewriteParallelVectorizeUnroll(0x55f97fe43608)]: 0 failure(s)
Postproc #4 [meta_schedule.RewriteReductionBlock(0x55f97fe31db8)]: 0 failure(s)
Postproc #5 [meta_schedule.VerifyGPUCode(0x55f97f697678)]: 0 failure(s)
Postproc #6 [meta_schedule.RewriteTensorize(0x55f97fda7c28)]: 0 failure(s)
2023-04-12 17:17:55 [INFO] [evolutionary_search.cc:621] Evolve iter #3 done. Summary:
Postproc #0 [meta_schedule.DisallowDynamicLoop(0x55f97f1e9258)]: 0 failure(s)
Postproc #1 [meta_schedule.RewriteCooperativeFetch(0x55f97fda7fe8)]: 0 failure(s)
Postproc #2 [meta_schedule.RewriteUnboundBlock(0x55f97f696a68)]: 0 failure(s)
Postproc #3 [meta_schedule.RewriteParallelVectorizeUnroll(0x55f97fe43608)]: 0 failure(s)
Postproc #4 [meta_schedule.RewriteReductionBlock(0x55f97fe31db8)]: 0 failure(s)
Postproc #5 [meta_schedule.VerifyGPUCode(0x55f97f697678)]: 0 failure(s)
Postproc #6 [meta_schedule.RewriteTensorize(0x55f97fda7c28)]: 0 failure(s)
2023-04-12 17:17:55 [INFO] [evolutionary_search.cc:649] Scores of the best 6 candidates:
[1 : 6]:	0.9561  0.9538  0.9225  0.8194  0.1836  0.1408
2023-04-12 17:17:55 [INFO] [evolutionary_search.cc:727] Got 6 candidate(s) with evolutionary search
2023-04-12 17:17:55 [INFO] [evolutionary_search.cc:730] Sending 6 candidates(s) for measurement
2023-04-12 17:23:50 [INFO] [task_scheduler.cc:160] Initializing Task #4: "fused_multiply"
2023-04-12 17:23:50 [INFO] [task_scheduler.cc:35] 
# from tvm.script import tir as T
@tvm.script.ir_module
class Module:
    @T.prim_func
    def main(p0: T.Buffer[(T.int64(1), T.int64(672), T.int64(1), T.int64(1)), "float32"], p1: T.Buffer[(T.int64(1), T.int64(672), T.int64(14), T.int64(14)), "float32"], T_multiply: T.Buffer[(T.int64(1), T.int64(672), T.int64(14), T.int64(14)), "float32"]):
        # function attr dict
        T.func_attr({"global_symbol": "main", "tir.noalias": True})
        # body
        # with T.block("root")
        for ax0, ax1, ax2, ax3 in T.grid(T.int64(1), T.int64(672), T.int64(14), T.int64(14)):
            with T.block("T_multiply"):
                v_ax0, v_ax1, v_ax2, v_ax3 = T.axis.remap("SSSS", [ax0, ax1, ax2, ax3])
                T.reads(p0[v_ax0, v_ax1, T.int64(0), T.int64(0)], p1[v_ax0, v_ax1, v_ax2, v_ax3])
                T.writes(T_multiply[v_ax0, v_ax1, v_ax2, v_ax3])
                T_multiply[v_ax0, v_ax1, v_ax2, v_ax3] = p0[v_ax0, v_ax1, T.int64(0), T.int64(0)] * p1[v_ax0, v_ax1, v_ax2, v_ax3]
    

2023-04-12 17:23:50 [INFO] [task_scheduler.cc:164] Total 1 design space(s) generated
2023-04-12 17:23:50 [INFO] [task_scheduler.cc:170] Design space #0:
# from tvm.script import tir as T
@tvm.script.ir_module
class Module:
    @T.prim_func
    def main(p0: T.Buffer[(T.int64(1), T.int64(672), T.int64(1), T.int64(1)), "float32"], p1: T.Buffer[(T.int64(1), T.int64(672), T.int64(14), T.int64(14)), "float32"], T_multiply: T.Buffer[(T.int64(1), T.int64(672), T.int64(14), T.int64(14)), "float32"]):
        # function attr dict
        T.func_attr({"global_symbol": "main", "tir.noalias": True})
        # body
        # with T.block("root")
        for ax0_ax1_ax2_ax3_fused_0 in T.thread_binding(T.int64(258), thread="blockIdx.x"):
            for ax0_ax1_ax2_ax3_fused_1 in T.thread_binding(T.int64(512), thread="threadIdx.x"):
                with T.block("T_multiply"):
                    T.where(ax0_ax1_ax2_ax3_fused_0 * T.int64(512) + ax0_ax1_ax2_ax3_fused_1 < T.int64(131712))
                    v_ax0 = T.axis.spatial(T.int64(1), T.int64(0))
                    v_ax1 = T.axis.spatial(T.int64(672), (ax0_ax1_ax2_ax3_fused_0 * T.int64(512) + ax0_ax1_ax2_ax3_fused_1) // T.int64(196))
                    v_ax2 = T.axis.spatial(T.int64(14), (ax0_ax1_ax2_ax3_fused_0 * T.int64(512) + ax0_ax1_ax2_ax3_fused_1) % T.int64(196) // T.int64(14))
                    v_ax3 = T.axis.spatial(T.int64(14), (ax0_ax1_ax2_ax3_fused_0 * T.int64(512) + ax0_ax1_ax2_ax3_fused_1) % T.int64(14))
                    T.reads(p0[v_ax0, v_ax1, T.int64(0), T.int64(0)], p1[v_ax0, v_ax1, v_ax2, v_ax3])
                    T.writes(T_multiply[v_ax0, v_ax1, v_ax2, v_ax3])
                    T_multiply[v_ax0, v_ax1, v_ax2, v_ax3] = p0[v_ax0, v_ax1, T.int64(0), T.int64(0)] * p1[v_ax0, v_ax1, v_ax2, v_ax3]
    

b0 = sch.get_block(name="T_multiply", func_name="main")
l1, l2, l3, l4 = sch.get_loops(block=b0)
l5 = sch.fuse(l1, l2, l3, l4, preserve_unit_iters=True)
v6 = sch.sample_categorical(candidates=[32, 64, 128, 256, 512, 1024], probs=[0.16666666666666666, 0.16666666666666666, 0.16666666666666666, 0.16666666666666666, 0.16666666666666666, 0.16666666666666666], decision=4)
l7, l8 = sch.split(loop=l5, factors=[None, v6], preserve_unit_iters=True)
sch.bind(loop=l7, thread_axis="blockIdx.x")
sch.bind(loop=l8, thread_axis="threadIdx.x")
2023-04-12 17:25:00 [INFO] [evolutionary_search.cc:713] Generating candidates......
2023-04-12 17:25:00 [INFO] [evolutionary_search.cc:715] Picked top 6 candidate(s) from database
2023-04-12 17:25:01 [INFO] [evolutionary_search.cc:533] Sample-Init-Population summary:
Postproc #0 [meta_schedule.DisallowDynamicLoop(0x5564b60f6468)]: 0 failure(s)
Postproc #1 [meta_schedule.RewriteCooperativeFetch(0x5564b59762b8)]: 0 failure(s)
Postproc #2 [meta_schedule.RewriteUnboundBlock(0x5564b59718f8)]: 0 failure(s)
Postproc #3 [meta_schedule.RewriteParallelVectorizeUnroll(0x5564b5501c38)]: 0 failure(s)
Postproc #4 [meta_schedule.RewriteReductionBlock(0x5564b617e878)]: 0 failure(s)
Postproc #5 [meta_schedule.VerifyGPUCode(0x5564b5973858)]: 0 failure(s)
Postproc #6 [meta_schedule.RewriteTensorize(0x5564b59720e8)]: 0 failure(s)
2023-04-12 17:25:01 [INFO] [evolutionary_search.cc:723] Sampled 506 candidate(s)
2023-04-12 17:25:01 [INFO] [evolutionary_search.cc:621] Evolve iter #0 done. Summary:
Postproc #0 [meta_schedule.DisallowDynamicLoop(0x5564b60f6468)]: 0 failure(s)
Postproc #1 [meta_schedule.RewriteCooperativeFetch(0x5564b59762b8)]: 0 failure(s)
Postproc #2 [meta_schedule.RewriteUnboundBlock(0x5564b59718f8)]: 0 failure(s)
Postproc #3 [meta_schedule.RewriteParallelVectorizeUnroll(0x5564b5501c38)]: 0 failure(s)
Postproc #4 [meta_schedule.RewriteReductionBlock(0x5564b617e878)]: 0 failure(s)
Postproc #5 [meta_schedule.VerifyGPUCode(0x5564b5973858)]: 0 failure(s)
Postproc #6 [meta_schedule.RewriteTensorize(0x5564b59720e8)]: 0 failure(s)
2023-04-12 17:25:01 [INFO] [evolutionary_search.cc:621] Evolve iter #1 done. Summary:
Postproc #0 [meta_schedule.DisallowDynamicLoop(0x5564b60f6468)]: 0 failure(s)
Postproc #1 [meta_schedule.RewriteCooperativeFetch(0x5564b59762b8)]: 0 failure(s)
Postproc #2 [meta_schedule.RewriteUnboundBlock(0x5564b59718f8)]: 0 failure(s)
Postproc #3 [meta_schedule.RewriteParallelVectorizeUnroll(0x5564b5501c38)]: 0 failure(s)
Postproc #4 [meta_schedule.RewriteReductionBlock(0x5564b617e878)]: 0 failure(s)
Postproc #5 [meta_schedule.VerifyGPUCode(0x5564b5973858)]: 0 failure(s)
Postproc #6 [meta_schedule.RewriteTensorize(0x5564b59720e8)]: 0 failure(s)
2023-04-12 17:25:01 [INFO] [evolutionary_search.cc:621] Evolve iter #2 done. Summary:
Postproc #0 [meta_schedule.DisallowDynamicLoop(0x5564b60f6468)]: 0 failure(s)
Postproc #1 [meta_schedule.RewriteCooperativeFetch(0x5564b59762b8)]: 0 failure(s)
Postproc #2 [meta_schedule.RewriteUnboundBlock(0x5564b59718f8)]: 0 failure(s)
Postproc #3 [meta_schedule.RewriteParallelVectorizeUnroll(0x5564b5501c38)]: 0 failure(s)
Postproc #4 [meta_schedule.RewriteReductionBlock(0x5564b617e878)]: 0 failure(s)
Postproc #5 [meta_schedule.VerifyGPUCode(0x5564b5973858)]: 0 failure(s)
Postproc #6 [meta_schedule.RewriteTensorize(0x5564b59720e8)]: 0 failure(s)
2023-04-12 17:25:01 [INFO] [evolutionary_search.cc:621] Evolve iter #3 done. Summary:
Postproc #0 [meta_schedule.DisallowDynamicLoop(0x5564b60f6468)]: 0 failure(s)
Postproc #1 [meta_schedule.RewriteCooperativeFetch(0x5564b59762b8)]: 0 failure(s)
Postproc #2 [meta_schedule.RewriteUnboundBlock(0x5564b59718f8)]: 0 failure(s)
Postproc #3 [meta_schedule.RewriteParallelVectorizeUnroll(0x5564b5501c38)]: 0 failure(s)
Postproc #4 [meta_schedule.RewriteReductionBlock(0x5564b617e878)]: 0 failure(s)
Postproc #5 [meta_schedule.VerifyGPUCode(0x5564b5973858)]: 0 failure(s)
Postproc #6 [meta_schedule.RewriteTensorize(0x5564b59720e8)]: 0 failure(s)
2023-04-12 17:25:01 [INFO] [evolutionary_search.cc:649] Scores of the best 6 candidates:
[1 : 6]:	0.9851  0.8801  0.4999  0.3145  0.3077  0.1209
2023-04-12 17:25:01 [INFO] [evolutionary_search.cc:727] Got 6 candidate(s) with evolutionary search
2023-04-12 17:25:01 [INFO] [evolutionary_search.cc:730] Sending 6 candidates(s) for measurement
2023-04-12 17:25:07 [INFO] [task_scheduler.cc:131] [Task #4: fused_multiply] Trial #1: GFLOPs: 37.8712. Time: 3.4779 us. Best GFLOPs: 37.8712
2023-04-12 17:25:07 [INFO] [task_scheduler.cc:131] [Task #4: fused_multiply] Trial #2: GFLOPs: 42.9799. Time: 3.0645 us. Best GFLOPs: 42.9799
2023-04-12 17:25:07 [INFO] [task_scheduler.cc:131] [Task #4: fused_multiply] Trial #3: GFLOPs: 42.2679. Time: 3.1161 us. Best GFLOPs: 42.9799
2023-04-12 17:25:07 [INFO] [task_scheduler.cc:131] [Task #4: fused_multiply] Trial #4: GFLOPs: 40.0046. Time: 3.2924 us. Best GFLOPs: 42.9799
2023-04-12 17:25:07 [INFO] [task_scheduler.cc:131] [Task #4: fused_multiply] Trial #5: GFLOPs: 22.7319. Time: 5.7942 us. Best GFLOPs: 42.9799
2023-04-12 17:25:07 [INFO] [task_scheduler.cc:131] [Task #4: fused_multiply] Trial #6: GFLOPs: 31.4872. Time: 4.1830 us. Best GFLOPs: 42.9799
2023-04-12 17:25:23 [INFO] [evolutionary_search.cc:713] Generating candidates......
2023-04-12 17:25:23 [INFO] [evolutionary_search.cc:715] Picked top 12 candidate(s) from database
2023-04-12 17:25:24 [INFO] [evolutionary_search.cc:533] Sample-Init-Population summary:
Postproc #0 [meta_schedule.DisallowDynamicLoop(0x5564b60f6468)]: 0 failure(s)
Postproc #1 [meta_schedule.RewriteCooperativeFetch(0x5564b59762b8)]: 0 failure(s)
Postproc #2 [meta_schedule.RewriteUnboundBlock(0x5564b59718f8)]: 0 failure(s)
Postproc #3 [meta_schedule.RewriteParallelVectorizeUnroll(0x5564b5501c38)]: 0 failure(s)
Postproc #4 [meta_schedule.RewriteReductionBlock(0x5564b617e878)]: 0 failure(s)
Postproc #5 [meta_schedule.VerifyGPUCode(0x5564b5973858)]: 0 failure(s)
Postproc #6 [meta_schedule.RewriteTensorize(0x5564b59720e8)]: 0 failure(s)
2023-04-12 17:25:24 [INFO] [evolutionary_search.cc:723] Sampled 500 candidate(s)
2023-04-12 17:25:24 [INFO] [evolutionary_search.cc:621] Evolve iter #0 done. Summary:
Postproc #0 [meta_schedule.DisallowDynamicLoop(0x5564b60f6468)]: 0 failure(s)
Postproc #1 [meta_schedule.RewriteCooperativeFetch(0x5564b59762b8)]: 0 failure(s)
Postproc #2 [meta_schedule.RewriteUnboundBlock(0x5564b59718f8)]: 0 failure(s)
Postproc #3 [meta_schedule.RewriteParallelVectorizeUnroll(0x5564b5501c38)]: 0 failure(s)
Postproc #4 [meta_schedule.RewriteReductionBlock(0x5564b617e878)]: 0 failure(s)
Postproc #5 [meta_schedule.VerifyGPUCode(0x5564b5973858)]: 0 failure(s)
Postproc #6 [meta_schedule.RewriteTensorize(0x5564b59720e8)]: 0 failure(s)
2023-04-12 17:25:24 [INFO] [evolutionary_search.cc:621] Evolve iter #1 done. Summary:
Postproc #0 [meta_schedule.DisallowDynamicLoop(0x5564b60f6468)]: 0 failure(s)
Postproc #1 [meta_schedule.RewriteCooperativeFetch(0x5564b59762b8)]: 0 failure(s)
Postproc #2 [meta_schedule.RewriteUnboundBlock(0x5564b59718f8)]: 0 failure(s)
Postproc #3 [meta_schedule.RewriteParallelVectorizeUnroll(0x5564b5501c38)]: 0 failure(s)
Postproc #4 [meta_schedule.RewriteReductionBlock(0x5564b617e878)]: 0 failure(s)
Postproc #5 [meta_schedule.VerifyGPUCode(0x5564b5973858)]: 0 failure(s)
Postproc #6 [meta_schedule.RewriteTensorize(0x5564b59720e8)]: 0 failure(s)
2023-04-12 17:25:24 [INFO] [evolutionary_search.cc:621] Evolve iter #2 done. Summary:
Postproc #0 [meta_schedule.DisallowDynamicLoop(0x5564b60f6468)]: 0 failure(s)
Postproc #1 [meta_schedule.RewriteCooperativeFetch(0x5564b59762b8)]: 0 failure(s)
Postproc #2 [meta_schedule.RewriteUnboundBlock(0x5564b59718f8)]: 0 failure(s)
Postproc #3 [meta_schedule.RewriteParallelVectorizeUnroll(0x5564b5501c38)]: 0 failure(s)
Postproc #4 [meta_schedule.RewriteReductionBlock(0x5564b617e878)]: 0 failure(s)
Postproc #5 [meta_schedule.VerifyGPUCode(0x5564b5973858)]: 0 failure(s)
Postproc #6 [meta_schedule.RewriteTensorize(0x5564b59720e8)]: 0 failure(s)
2023-04-12 17:25:24 [INFO] [evolutionary_search.cc:621] Evolve iter #3 done. Summary:
Postproc #0 [meta_schedule.DisallowDynamicLoop(0x5564b60f6468)]: 0 failure(s)
Postproc #1 [meta_schedule.RewriteCooperativeFetch(0x5564b59762b8)]: 0 failure(s)
Postproc #2 [meta_schedule.RewriteUnboundBlock(0x5564b59718f8)]: 0 failure(s)
Postproc #3 [meta_schedule.RewriteParallelVectorizeUnroll(0x5564b5501c38)]: 0 failure(s)
Postproc #4 [meta_schedule.RewriteReductionBlock(0x5564b617e878)]: 0 failure(s)
Postproc #5 [meta_schedule.VerifyGPUCode(0x5564b5973858)]: 0 failure(s)
Postproc #6 [meta_schedule.RewriteTensorize(0x5564b59720e8)]: 0 failure(s)
2023-04-12 17:25:25 [INFO] [evolutionary_search.cc:649] Scores of the best 0 candidates:
2023-04-12 17:25:25 [INFO] [evolutionary_search.cc:727] Got 0 candidate(s) with evolutionary search
2023-04-12 17:25:25 [INFO] [evolutionary_search.cc:730] Sending 0 candidates(s) for measurement
2023-04-12 17:25:52 [INFO] [evolutionary_search.cc:713] Generating candidates......
2023-04-12 17:25:52 [INFO] [evolutionary_search.cc:715] Picked top 12 candidate(s) from database
2023-04-12 17:25:52 [INFO] [evolutionary_search.cc:533] Sample-Init-Population summary:
Postproc #0 [meta_schedule.DisallowDynamicLoop(0x5564b60f6468)]: 0 failure(s)
Postproc #1 [meta_schedule.RewriteCooperativeFetch(0x5564b59762b8)]: 0 failure(s)
Postproc #2 [meta_schedule.RewriteUnboundBlock(0x5564b59718f8)]: 0 failure(s)
Postproc #3 [meta_schedule.RewriteParallelVectorizeUnroll(0x5564b5501c38)]: 0 failure(s)
Postproc #4 [meta_schedule.RewriteReductionBlock(0x5564b617e878)]: 0 failure(s)
Postproc #5 [meta_schedule.VerifyGPUCode(0x5564b5973858)]: 0 failure(s)
Postproc #6 [meta_schedule.RewriteTensorize(0x5564b59720e8)]: 0 failure(s)
2023-04-12 17:25:52 [INFO] [evolutionary_search.cc:723] Sampled 500 candidate(s)
2023-04-12 17:25:53 [INFO] [evolutionary_search.cc:621] Evolve iter #0 done. Summary:
Postproc #0 [meta_schedule.DisallowDynamicLoop(0x5564b60f6468)]: 0 failure(s)
Postproc #1 [meta_schedule.RewriteCooperativeFetch(0x5564b59762b8)]: 0 failure(s)
Postproc #2 [meta_schedule.RewriteUnboundBlock(0x5564b59718f8)]: 0 failure(s)
Postproc #3 [meta_schedule.RewriteParallelVectorizeUnroll(0x5564b5501c38)]: 0 failure(s)
Postproc #4 [meta_schedule.RewriteReductionBlock(0x5564b617e878)]: 0 failure(s)
Postproc #5 [meta_schedule.VerifyGPUCode(0x5564b5973858)]: 0 failure(s)
Postproc #6 [meta_schedule.RewriteTensorize(0x5564b59720e8)]: 0 failure(s)
2023-04-12 17:25:53 [INFO] [evolutionary_search.cc:621] Evolve iter #1 done. Summary:
Postproc #0 [meta_schedule.DisallowDynamicLoop(0x5564b60f6468)]: 0 failure(s)
Postproc #1 [meta_schedule.RewriteCooperativeFetch(0x5564b59762b8)]: 0 failure(s)
Postproc #2 [meta_schedule.RewriteUnboundBlock(0x5564b59718f8)]: 0 failure(s)
Postproc #3 [meta_schedule.RewriteParallelVectorizeUnroll(0x5564b5501c38)]: 0 failure(s)
Postproc #4 [meta_schedule.RewriteReductionBlock(0x5564b617e878)]: 0 failure(s)
Postproc #5 [meta_schedule.VerifyGPUCode(0x5564b5973858)]: 0 failure(s)
Postproc #6 [meta_schedule.RewriteTensorize(0x5564b59720e8)]: 0 failure(s)
2023-04-12 17:25:53 [INFO] [evolutionary_search.cc:621] Evolve iter #2 done. Summary:
Postproc #0 [meta_schedule.DisallowDynamicLoop(0x5564b60f6468)]: 0 failure(s)
Postproc #1 [meta_schedule.RewriteCooperativeFetch(0x5564b59762b8)]: 0 failure(s)
Postproc #2 [meta_schedule.RewriteUnboundBlock(0x5564b59718f8)]: 0 failure(s)
Postproc #3 [meta_schedule.RewriteParallelVectorizeUnroll(0x5564b5501c38)]: 0 failure(s)
Postproc #4 [meta_schedule.RewriteReductionBlock(0x5564b617e878)]: 0 failure(s)
Postproc #5 [meta_schedule.VerifyGPUCode(0x5564b5973858)]: 0 failure(s)
Postproc #6 [meta_schedule.RewriteTensorize(0x5564b59720e8)]: 0 failure(s)
2023-04-12 17:25:53 [INFO] [evolutionary_search.cc:621] Evolve iter #3 done. Summary:
Postproc #0 [meta_schedule.DisallowDynamicLoop(0x5564b60f6468)]: 0 failure(s)
Postproc #1 [meta_schedule.RewriteCooperativeFetch(0x5564b59762b8)]: 0 failure(s)
Postproc #2 [meta_schedule.RewriteUnboundBlock(0x5564b59718f8)]: 0 failure(s)
Postproc #3 [meta_schedule.RewriteParallelVectorizeUnroll(0x5564b5501c38)]: 0 failure(s)
Postproc #4 [meta_schedule.RewriteReductionBlock(0x5564b617e878)]: 0 failure(s)
Postproc #5 [meta_schedule.VerifyGPUCode(0x5564b5973858)]: 0 failure(s)
Postproc #6 [meta_schedule.RewriteTensorize(0x5564b59720e8)]: 0 failure(s)
2023-04-12 17:25:53 [INFO] [evolutionary_search.cc:649] Scores of the best 0 candidates:
2023-04-12 17:25:53 [INFO] [evolutionary_search.cc:727] Got 0 candidate(s) with evolutionary search
2023-04-12 17:25:53 [INFO] [evolutionary_search.cc:730] Sending 0 candidates(s) for measurement
2023-04-12 17:25:53 [INFO] [evolutionary_search.cc:713] Generating candidates......
2023-04-12 17:25:53 [INFO] [evolutionary_search.cc:715] Picked top 12 candidate(s) from database
2023-04-12 17:25:54 [INFO] [evolutionary_search.cc:533] Sample-Init-Population summary:
Postproc #0 [meta_schedule.DisallowDynamicLoop(0x5564b60f6468)]: 0 failure(s)
Postproc #1 [meta_schedule.RewriteCooperativeFetch(0x5564b59762b8)]: 0 failure(s)
Postproc #2 [meta_schedule.RewriteUnboundBlock(0x5564b59718f8)]: 0 failure(s)
Postproc #3 [meta_schedule.RewriteParallelVectorizeUnroll(0x5564b5501c38)]: 0 failure(s)
Postproc #4 [meta_schedule.RewriteReductionBlock(0x5564b617e878)]: 0 failure(s)
Postproc #5 [meta_schedule.VerifyGPUCode(0x5564b5973858)]: 0 failure(s)
Postproc #6 [meta_schedule.RewriteTensorize(0x5564b59720e8)]: 0 failure(s)
2023-04-12 17:25:54 [INFO] [evolutionary_search.cc:723] Sampled 500 candidate(s)
2023-04-12 17:25:54 [INFO] [evolutionary_search.cc:621] Evolve iter #0 done. Summary:
Postproc #0 [meta_schedule.DisallowDynamicLoop(0x5564b60f6468)]: 0 failure(s)
Postproc #1 [meta_schedule.RewriteCooperativeFetch(0x5564b59762b8)]: 0 failure(s)
Postproc #2 [meta_schedule.RewriteUnboundBlock(0x5564b59718f8)]: 0 failure(s)
Postproc #3 [meta_schedule.RewriteParallelVectorizeUnroll(0x5564b5501c38)]: 0 failure(s)
Postproc #4 [meta_schedule.RewriteReductionBlock(0x5564b617e878)]: 0 failure(s)
Postproc #5 [meta_schedule.VerifyGPUCode(0x5564b5973858)]: 0 failure(s)
Postproc #6 [meta_schedule.RewriteTensorize(0x5564b59720e8)]: 0 failure(s)
2023-04-12 17:25:54 [INFO] [evolutionary_search.cc:621] Evolve iter #1 done. Summary:
Postproc #0 [meta_schedule.DisallowDynamicLoop(0x5564b60f6468)]: 0 failure(s)
Postproc #1 [meta_schedule.RewriteCooperativeFetch(0x5564b59762b8)]: 0 failure(s)
Postproc #2 [meta_schedule.RewriteUnboundBlock(0x5564b59718f8)]: 0 failure(s)
Postproc #3 [meta_schedule.RewriteParallelVectorizeUnroll(0x5564b5501c38)]: 0 failure(s)
Postproc #4 [meta_schedule.RewriteReductionBlock(0x5564b617e878)]: 0 failure(s)
Postproc #5 [meta_schedule.VerifyGPUCode(0x5564b5973858)]: 0 failure(s)
Postproc #6 [meta_schedule.RewriteTensorize(0x5564b59720e8)]: 0 failure(s)
2023-04-12 17:25:54 [INFO] [evolutionary_search.cc:621] Evolve iter #2 done. Summary:
Postproc #0 [meta_schedule.DisallowDynamicLoop(0x5564b60f6468)]: 0 failure(s)
Postproc #1 [meta_schedule.RewriteCooperativeFetch(0x5564b59762b8)]: 0 failure(s)
Postproc #2 [meta_schedule.RewriteUnboundBlock(0x5564b59718f8)]: 0 failure(s)
Postproc #3 [meta_schedule.RewriteParallelVectorizeUnroll(0x5564b5501c38)]: 0 failure(s)
Postproc #4 [meta_schedule.RewriteReductionBlock(0x5564b617e878)]: 0 failure(s)
Postproc #5 [meta_schedule.VerifyGPUCode(0x5564b5973858)]: 0 failure(s)
Postproc #6 [meta_schedule.RewriteTensorize(0x5564b59720e8)]: 0 failure(s)
2023-04-12 17:25:54 [INFO] [evolutionary_search.cc:621] Evolve iter #3 done. Summary:
Postproc #0 [meta_schedule.DisallowDynamicLoop(0x5564b60f6468)]: 0 failure(s)
Postproc #1 [meta_schedule.RewriteCooperativeFetch(0x5564b59762b8)]: 0 failure(s)
Postproc #2 [meta_schedule.RewriteUnboundBlock(0x5564b59718f8)]: 0 failure(s)
Postproc #3 [meta_schedule.RewriteParallelVectorizeUnroll(0x5564b5501c38)]: 0 failure(s)
Postproc #4 [meta_schedule.RewriteReductionBlock(0x5564b617e878)]: 0 failure(s)
Postproc #5 [meta_schedule.VerifyGPUCode(0x5564b5973858)]: 0 failure(s)
Postproc #6 [meta_schedule.RewriteTensorize(0x5564b59720e8)]: 0 failure(s)
2023-04-12 17:25:54 [INFO] [evolutionary_search.cc:649] Scores of the best 0 candidates:
2023-04-12 17:25:54 [INFO] [evolutionary_search.cc:727] Got 0 candidate(s) with evolutionary search
2023-04-12 17:25:54 [INFO] [evolutionary_search.cc:730] Sending 0 candidates(s) for measurement
2023-04-12 17:25:54 [INFO] [evolutionary_search.cc:713] Generating candidates......
2023-04-12 17:25:55 [INFO] [evolutionary_search.cc:715] Picked top 12 candidate(s) from database
2023-04-12 17:25:55 [INFO] [evolutionary_search.cc:533] Sample-Init-Population summary:
Postproc #0 [meta_schedule.DisallowDynamicLoop(0x5564b60f6468)]: 0 failure(s)
Postproc #1 [meta_schedule.RewriteCooperativeFetch(0x5564b59762b8)]: 0 failure(s)
Postproc #2 [meta_schedule.RewriteUnboundBlock(0x5564b59718f8)]: 0 failure(s)
Postproc #3 [meta_schedule.RewriteParallelVectorizeUnroll(0x5564b5501c38)]: 0 failure(s)
Postproc #4 [meta_schedule.RewriteReductionBlock(0x5564b617e878)]: 0 failure(s)
Postproc #5 [meta_schedule.VerifyGPUCode(0x5564b5973858)]: 0 failure(s)
Postproc #6 [meta_schedule.RewriteTensorize(0x5564b59720e8)]: 0 failure(s)
2023-04-12 17:25:55 [INFO] [evolutionary_search.cc:723] Sampled 500 candidate(s)
2023-04-12 17:25:55 [INFO] [evolutionary_search.cc:621] Evolve iter #0 done. Summary:
Postproc #0 [meta_schedule.DisallowDynamicLoop(0x5564b60f6468)]: 0 failure(s)
Postproc #1 [meta_schedule.RewriteCooperativeFetch(0x5564b59762b8)]: 0 failure(s)
Postproc #2 [meta_schedule.RewriteUnboundBlock(0x5564b59718f8)]: 0 failure(s)
Postproc #3 [meta_schedule.RewriteParallelVectorizeUnroll(0x5564b5501c38)]: 0 failure(s)
Postproc #4 [meta_schedule.RewriteReductionBlock(0x5564b617e878)]: 0 failure(s)
Postproc #5 [meta_schedule.VerifyGPUCode(0x5564b5973858)]: 0 failure(s)
Postproc #6 [meta_schedule.RewriteTensorize(0x5564b59720e8)]: 0 failure(s)
2023-04-12 17:25:55 [INFO] [evolutionary_search.cc:621] Evolve iter #1 done. Summary:
Postproc #0 [meta_schedule.DisallowDynamicLoop(0x5564b60f6468)]: 0 failure(s)
Postproc #1 [meta_schedule.RewriteCooperativeFetch(0x5564b59762b8)]: 0 failure(s)
Postproc #2 [meta_schedule.RewriteUnboundBlock(0x5564b59718f8)]: 0 failure(s)
Postproc #3 [meta_schedule.RewriteParallelVectorizeUnroll(0x5564b5501c38)]: 0 failure(s)
Postproc #4 [meta_schedule.RewriteReductionBlock(0x5564b617e878)]: 0 failure(s)
Postproc #5 [meta_schedule.VerifyGPUCode(0x5564b5973858)]: 0 failure(s)
Postproc #6 [meta_schedule.RewriteTensorize(0x5564b59720e8)]: 0 failure(s)
2023-04-12 17:25:55 [INFO] [evolutionary_search.cc:621] Evolve iter #2 done. Summary:
Postproc #0 [meta_schedule.DisallowDynamicLoop(0x5564b60f6468)]: 0 failure(s)
Postproc #1 [meta_schedule.RewriteCooperativeFetch(0x5564b59762b8)]: 0 failure(s)
Postproc #2 [meta_schedule.RewriteUnboundBlock(0x5564b59718f8)]: 0 failure(s)
Postproc #3 [meta_schedule.RewriteParallelVectorizeUnroll(0x5564b5501c38)]: 0 failure(s)
Postproc #4 [meta_schedule.RewriteReductionBlock(0x5564b617e878)]: 0 failure(s)
Postproc #5 [meta_schedule.VerifyGPUCode(0x5564b5973858)]: 0 failure(s)
Postproc #6 [meta_schedule.RewriteTensorize(0x5564b59720e8)]: 0 failure(s)
2023-04-12 17:25:55 [INFO] [evolutionary_search.cc:621] Evolve iter #3 done. Summary:
Postproc #0 [meta_schedule.DisallowDynamicLoop(0x5564b60f6468)]: 0 failure(s)
Postproc #1 [meta_schedule.RewriteCooperativeFetch(0x5564b59762b8)]: 0 failure(s)
Postproc #2 [meta_schedule.RewriteUnboundBlock(0x5564b59718f8)]: 0 failure(s)
Postproc #3 [meta_schedule.RewriteParallelVectorizeUnroll(0x5564b5501c38)]: 0 failure(s)
Postproc #4 [meta_schedule.RewriteReductionBlock(0x5564b617e878)]: 0 failure(s)
Postproc #5 [meta_schedule.VerifyGPUCode(0x5564b5973858)]: 0 failure(s)
Postproc #6 [meta_schedule.RewriteTensorize(0x5564b59720e8)]: 0 failure(s)
2023-04-12 17:25:56 [INFO] [evolutionary_search.cc:649] Scores of the best 0 candidates:
2023-04-12 17:25:56 [INFO] [evolutionary_search.cc:727] Got 0 candidate(s) with evolutionary search
2023-04-12 17:25:56 [INFO] [evolutionary_search.cc:730] Sending 0 candidates(s) for measurement
2023-04-12 17:25:56 [INFO] [evolutionary_search.cc:713] Generating candidates......
2023-04-12 17:25:56 [INFO] [evolutionary_search.cc:715] Picked top 12 candidate(s) from database
2023-04-12 17:25:56 [INFO] [evolutionary_search.cc:533] Sample-Init-Population summary:
Postproc #0 [meta_schedule.DisallowDynamicLoop(0x5564b60f6468)]: 0 failure(s)
Postproc #1 [meta_schedule.RewriteCooperativeFetch(0x5564b59762b8)]: 0 failure(s)
Postproc #2 [meta_schedule.RewriteUnboundBlock(0x5564b59718f8)]: 0 failure(s)
Postproc #3 [meta_schedule.RewriteParallelVectorizeUnroll(0x5564b5501c38)]: 0 failure(s)
Postproc #4 [meta_schedule.RewriteReductionBlock(0x5564b617e878)]: 0 failure(s)
Postproc #5 [meta_schedule.VerifyGPUCode(0x5564b5973858)]: 0 failure(s)
Postproc #6 [meta_schedule.RewriteTensorize(0x5564b59720e8)]: 0 failure(s)
2023-04-12 17:25:56 [INFO] [evolutionary_search.cc:723] Sampled 500 candidate(s)
2023-04-12 17:25:56 [INFO] [evolutionary_search.cc:621] Evolve iter #0 done. Summary:
Postproc #0 [meta_schedule.DisallowDynamicLoop(0x5564b60f6468)]: 0 failure(s)
Postproc #1 [meta_schedule.RewriteCooperativeFetch(0x5564b59762b8)]: 0 failure(s)
Postproc #2 [meta_schedule.RewriteUnboundBlock(0x5564b59718f8)]: 0 failure(s)
Postproc #3 [meta_schedule.RewriteParallelVectorizeUnroll(0x5564b5501c38)]: 0 failure(s)
Postproc #4 [meta_schedule.RewriteReductionBlock(0x5564b617e878)]: 0 failure(s)
Postproc #5 [meta_schedule.VerifyGPUCode(0x5564b5973858)]: 0 failure(s)
Postproc #6 [meta_schedule.RewriteTensorize(0x5564b59720e8)]: 0 failure(s)
2023-04-12 17:25:56 [INFO] [evolutionary_search.cc:621] Evolve iter #1 done. Summary:
Postproc #0 [meta_schedule.DisallowDynamicLoop(0x5564b60f6468)]: 0 failure(s)
Postproc #1 [meta_schedule.RewriteCooperativeFetch(0x5564b59762b8)]: 0 failure(s)
Postproc #2 [meta_schedule.RewriteUnboundBlock(0x5564b59718f8)]: 0 failure(s)
Postproc #3 [meta_schedule.RewriteParallelVectorizeUnroll(0x5564b5501c38)]: 0 failure(s)
Postproc #4 [meta_schedule.RewriteReductionBlock(0x5564b617e878)]: 0 failure(s)
Postproc #5 [meta_schedule.VerifyGPUCode(0x5564b5973858)]: 0 failure(s)
Postproc #6 [meta_schedule.RewriteTensorize(0x5564b59720e8)]: 0 failure(s)
2023-04-12 17:25:56 [INFO] [evolutionary_search.cc:621] Evolve iter #2 done. Summary:
Postproc #0 [meta_schedule.DisallowDynamicLoop(0x5564b60f6468)]: 0 failure(s)
Postproc #1 [meta_schedule.RewriteCooperativeFetch(0x5564b59762b8)]: 0 failure(s)
Postproc #2 [meta_schedule.RewriteUnboundBlock(0x5564b59718f8)]: 0 failure(s)
Postproc #3 [meta_schedule.RewriteParallelVectorizeUnroll(0x5564b5501c38)]: 0 failure(s)
Postproc #4 [meta_schedule.RewriteReductionBlock(0x5564b617e878)]: 0 failure(s)
Postproc #5 [meta_schedule.VerifyGPUCode(0x5564b5973858)]: 0 failure(s)
Postproc #6 [meta_schedule.RewriteTensorize(0x5564b59720e8)]: 0 failure(s)
2023-04-12 17:25:56 [INFO] [evolutionary_search.cc:621] Evolve iter #3 done. Summary:
Postproc #0 [meta_schedule.DisallowDynamicLoop(0x5564b60f6468)]: 0 failure(s)
Postproc #1 [meta_schedule.RewriteCooperativeFetch(0x5564b59762b8)]: 0 failure(s)
Postproc #2 [meta_schedule.RewriteUnboundBlock(0x5564b59718f8)]: 0 failure(s)
Postproc #3 [meta_schedule.RewriteParallelVectorizeUnroll(0x5564b5501c38)]: 0 failure(s)
Postproc #4 [meta_schedule.RewriteReductionBlock(0x5564b617e878)]: 0 failure(s)
Postproc #5 [meta_schedule.VerifyGPUCode(0x5564b5973858)]: 0 failure(s)
Postproc #6 [meta_schedule.RewriteTensorize(0x5564b59720e8)]: 0 failure(s)
2023-04-12 17:25:57 [INFO] [evolutionary_search.cc:649] Scores of the best 0 candidates:
2023-04-12 17:25:57 [INFO] [evolutionary_search.cc:727] Got 0 candidate(s) with evolutionary search
2023-04-12 17:25:57 [INFO] [evolutionary_search.cc:730] Sending 0 candidates(s) for measurement
